2025-08-29 16:08:09 INFO  [background-preinit] o.h.validator.internal.util.Version - HV000001: Hibernate Validator 8.0.2.Final
2025-08-29 16:08:09 INFO  [main] c.e.d.VehicleManagementSystemApplication - Starting VehicleManagementSystemApplication using Java 24.0.1 with PID 50515 (/Users/soenaykhant/eclipse_workspace/learning/vehicle_management_system/target/classes started by soenaykhant in /Users/soenaykhant/eclipse_workspace/learning/vehicle_management_system)
2025-08-29 16:08:09 INFO  [main] c.e.d.VehicleManagementSystemApplication - No active profile set, falling back to 1 default profile: "default"
2025-08-29 16:08:09 INFO  [main] o.s.d.r.c.RepositoryConfigurationDelegate - Multiple Spring Data modules found, entering strict repository configuration mode
2025-08-29 16:08:09 INFO  [main] o.s.d.r.c.RepositoryConfigurationDelegate - Bootstrapping Spring Data Redis repositories in DEFAULT mode.
2025-08-29 16:08:09 INFO  [main] o.s.d.r.c.RepositoryConfigurationDelegate - Finished Spring Data repository scanning in 9 ms. Found 0 Redis repository interfaces.
2025-08-29 16:08:09 INFO  [main] o.s.b.w.e.tomcat.TomcatWebServer - Tomcat initialized with port 8002 (http)
2025-08-29 16:08:09 INFO  [main] o.a.coyote.http11.Http11NioProtocol - Initializing ProtocolHandler ["http-nio-8002"]
2025-08-29 16:08:09 INFO  [main] o.a.catalina.core.StandardService - Starting service [Tomcat]
2025-08-29 16:08:09 INFO  [main] o.a.catalina.core.StandardEngine - Starting Servlet engine: [Apache Tomcat/10.1.40]
2025-08-29 16:08:09 INFO  [main] o.a.c.c.C.[Tomcat].[localhost].[/] - Initializing Spring embedded WebApplicationContext
2025-08-29 16:08:09 INFO  [main] o.s.b.w.s.c.ServletWebServerApplicationContext - Root WebApplicationContext: initialization completed in 657 ms
2025-08-29 16:08:16 INFO  [main] o.s.s.c.a.a.c.InitializeUserDetailsBeanManagerConfigurer$InitializeUserDetailsManagerConfigurer - Global AuthenticationManager configured with UserDetailsService bean with name userDetailsServiceImpl
2025-08-29 16:08:26 WARN  [main] o.s.b.w.s.c.AnnotationConfigServletWebServerApplicationContext - Exception encountered during context initialization - cancelling refresh attempt: org.springframework.beans.factory.UnsatisfiedDependencyException: Error creating bean with name 'authenticationController' defined in file [/Users/soenaykhant/eclipse_workspace/learning/vehicle_management_system/target/classes/com/example/demo/controller/AuthenticationController.class]: Unsatisfied dependency expressed through constructor parameter 3: Error creating bean with name 'userService' defined in file [/Users/soenaykhant/eclipse_workspace/learning/vehicle_management_system/target/classes/com/example/demo/service/UserService.class]: Unsatisfied dependency expressed through constructor parameter 3: Error creating bean with name 'roleRepository': Invocation of init method failed
2025-08-29 16:08:26 INFO  [main] o.a.catalina.core.StandardService - Stopping service [Tomcat]
2025-08-29 16:08:26 INFO  [main] o.s.b.a.l.ConditionEvaluationReportLogger - 

Error starting ApplicationContext. To display the condition evaluation report re-run your application with 'debug' enabled.
2025-08-29 16:08:26 ERROR [main] o.s.boot.SpringApplication - Application run failed
org.springframework.beans.factory.UnsatisfiedDependencyException: Error creating bean with name 'authenticationController' defined in file [/Users/soenaykhant/eclipse_workspace/learning/vehicle_management_system/target/classes/com/example/demo/controller/AuthenticationController.class]: Unsatisfied dependency expressed through constructor parameter 3: Error creating bean with name 'userService' defined in file [/Users/soenaykhant/eclipse_workspace/learning/vehicle_management_system/target/classes/com/example/demo/service/UserService.class]: Unsatisfied dependency expressed through constructor parameter 3: Error creating bean with name 'roleRepository': Invocation of init method failed
	at org.springframework.beans.factory.support.ConstructorResolver.createArgumentArray(ConstructorResolver.java:804)
	at org.springframework.beans.factory.support.ConstructorResolver.autowireConstructor(ConstructorResolver.java:240)
	at org.springframework.beans.factory.support.AbstractAutowireCapableBeanFactory.autowireConstructor(AbstractAutowireCapableBeanFactory.java:1387)
	at org.springframework.beans.factory.support.AbstractAutowireCapableBeanFactory.createBeanInstance(AbstractAutowireCapableBeanFactory.java:1224)
	at org.springframework.beans.factory.support.AbstractAutowireCapableBeanFactory.doCreateBean(AbstractAutowireCapableBeanFactory.java:569)
	at org.springframework.beans.factory.support.AbstractAutowireCapableBeanFactory.createBean(AbstractAutowireCapableBeanFactory.java:529)
	at org.springframework.beans.factory.support.AbstractBeanFactory.lambda$doGetBean$0(AbstractBeanFactory.java:339)
	at org.springframework.beans.factory.support.DefaultSingletonBeanRegistry.getSingleton(DefaultSingletonBeanRegistry.java:371)
	at org.springframework.beans.factory.support.AbstractBeanFactory.doGetBean(AbstractBeanFactory.java:337)
	at org.springframework.beans.factory.support.AbstractBeanFactory.getBean(AbstractBeanFactory.java:202)
	at org.springframework.beans.factory.support.DefaultListableBeanFactory.instantiateSingleton(DefaultListableBeanFactory.java:1221)
	at org.springframework.beans.factory.support.DefaultListableBeanFactory.preInstantiateSingleton(DefaultListableBeanFactory.java:1187)
	at org.springframework.beans.factory.support.DefaultListableBeanFactory.preInstantiateSingletons(DefaultListableBeanFactory.java:1122)
	at org.springframework.context.support.AbstractApplicationContext.finishBeanFactoryInitialization(AbstractApplicationContext.java:987)
	at org.springframework.context.support.AbstractApplicationContext.refresh(AbstractApplicationContext.java:627)
	at org.springframework.boot.web.servlet.context.ServletWebServerApplicationContext.refresh(ServletWebServerApplicationContext.java:146)
	at org.springframework.boot.SpringApplication.refresh(SpringApplication.java:753)
	at org.springframework.boot.SpringApplication.refreshContext(SpringApplication.java:439)
	at org.springframework.boot.SpringApplication.run(SpringApplication.java:318)
	at org.springframework.boot.SpringApplication.run(SpringApplication.java:1362)
	at org.springframework.boot.SpringApplication.run(SpringApplication.java:1351)
	at com.example.demo.VehicleManagementSystemApplication.main(VehicleManagementSystemApplication.java:10)
Caused by: org.springframework.beans.factory.UnsatisfiedDependencyException: Error creating bean with name 'userService' defined in file [/Users/soenaykhant/eclipse_workspace/learning/vehicle_management_system/target/classes/com/example/demo/service/UserService.class]: Unsatisfied dependency expressed through constructor parameter 3: Error creating bean with name 'roleRepository': Invocation of init method failed
	at org.springframework.beans.factory.support.ConstructorResolver.createArgumentArray(ConstructorResolver.java:804)
	at org.springframework.beans.factory.support.ConstructorResolver.autowireConstructor(ConstructorResolver.java:240)
	at org.springframework.beans.factory.support.AbstractAutowireCapableBeanFactory.autowireConstructor(AbstractAutowireCapableBeanFactory.java:1387)
	at org.springframework.beans.factory.support.AbstractAutowireCapableBeanFactory.createBeanInstance(AbstractAutowireCapableBeanFactory.java:1224)
	at org.springframework.beans.factory.support.AbstractAutowireCapableBeanFactory.doCreateBean(AbstractAutowireCapableBeanFactory.java:569)
	at org.springframework.beans.factory.support.AbstractAutowireCapableBeanFactory.createBean(AbstractAutowireCapableBeanFactory.java:529)
	at org.springframework.beans.factory.support.AbstractBeanFactory.lambda$doGetBean$0(AbstractBeanFactory.java:339)
	at org.springframework.beans.factory.support.DefaultSingletonBeanRegistry.getSingleton(DefaultSingletonBeanRegistry.java:371)
	at org.springframework.beans.factory.support.AbstractBeanFactory.doGetBean(AbstractBeanFactory.java:337)
	at org.springframework.beans.factory.support.AbstractBeanFactory.getBean(AbstractBeanFactory.java:202)
	at org.springframework.beans.factory.support.DefaultListableBeanFactory.doResolveDependency(DefaultListableBeanFactory.java:1681)
	at org.springframework.beans.factory.support.DefaultListableBeanFactory.resolveDependency(DefaultListableBeanFactory.java:1627)
	at org.springframework.beans.factory.support.ConstructorResolver.resolveAutowiredArgument(ConstructorResolver.java:913)
	at org.springframework.beans.factory.support.ConstructorResolver.createArgumentArray(ConstructorResolver.java:791)
	... 21 common frames omitted
Caused by: org.springframework.beans.factory.BeanCreationException: Error creating bean with name 'roleRepository': Invocation of init method failed
	at org.springframework.beans.factory.annotation.InitDestroyAnnotationBeanPostProcessor.postProcessBeforeInitialization(InitDestroyAnnotationBeanPostProcessor.java:222)
	at org.springframework.beans.factory.support.AbstractAutowireCapableBeanFactory.applyBeanPostProcessorsBeforeInitialization(AbstractAutowireCapableBeanFactory.java:429)
	at org.springframework.beans.factory.support.AbstractAutowireCapableBeanFactory.initializeBean(AbstractAutowireCapableBeanFactory.java:1810)
	at org.springframework.beans.factory.support.AbstractAutowireCapableBeanFactory.doCreateBean(AbstractAutowireCapableBeanFactory.java:607)
	at org.springframework.beans.factory.support.AbstractAutowireCapableBeanFactory.createBean(AbstractAutowireCapableBeanFactory.java:529)
	at org.springframework.beans.factory.support.AbstractBeanFactory.lambda$doGetBean$0(AbstractBeanFactory.java:339)
	at org.springframework.beans.factory.support.DefaultSingletonBeanRegistry.getSingleton(DefaultSingletonBeanRegistry.java:371)
	at org.springframework.beans.factory.support.AbstractBeanFactory.doGetBean(AbstractBeanFactory.java:337)
	at org.springframework.beans.factory.support.AbstractBeanFactory.getBean(AbstractBeanFactory.java:202)
	at org.springframework.beans.factory.support.DefaultListableBeanFactory.doResolveDependency(DefaultListableBeanFactory.java:1681)
	at org.springframework.beans.factory.support.DefaultListableBeanFactory.resolveDependency(DefaultListableBeanFactory.java:1627)
	at org.springframework.beans.factory.support.ConstructorResolver.resolveAutowiredArgument(ConstructorResolver.java:913)
	at org.springframework.beans.factory.support.ConstructorResolver.createArgumentArray(ConstructorResolver.java:791)
	... 34 common frames omitted
Caused by: software.amazon.awssdk.core.exception.SdkClientException: Unable to execute HTTP request: Connect to localhost:8000 [localhost/127.0.0.1, localhost/0:0:0:0:0:0:0:1] failed: Connection refused
	at software.amazon.awssdk.core.exception.SdkClientException$BuilderImpl.build(SdkClientException.java:111)
	at software.amazon.awssdk.core.exception.SdkClientException.create(SdkClientException.java:47)
	at software.amazon.awssdk.core.internal.http.pipeline.stages.utils.RetryableStageHelper.setLastException(RetryableStageHelper.java:223)
	at software.amazon.awssdk.core.internal.http.pipeline.stages.RetryableStage.execute(RetryableStage.java:83)
	at software.amazon.awssdk.core.internal.http.pipeline.stages.RetryableStage.execute(RetryableStage.java:36)
	at software.amazon.awssdk.core.internal.http.pipeline.RequestPipelineBuilder$ComposingRequestPipelineStage.execute(RequestPipelineBuilder.java:206)
	at software.amazon.awssdk.core.internal.http.StreamManagingStage.execute(StreamManagingStage.java:56)
	at software.amazon.awssdk.core.internal.http.StreamManagingStage.execute(StreamManagingStage.java:36)
	at software.amazon.awssdk.core.internal.http.pipeline.stages.ApiCallTimeoutTrackingStage.executeWithTimer(ApiCallTimeoutTrackingStage.java:80)
	at software.amazon.awssdk.core.internal.http.pipeline.stages.ApiCallTimeoutTrackingStage.execute(ApiCallTimeoutTrackingStage.java:60)
	at software.amazon.awssdk.core.internal.http.pipeline.stages.ApiCallTimeoutTrackingStage.execute(ApiCallTimeoutTrackingStage.java:42)
	at software.amazon.awssdk.core.internal.http.pipeline.stages.ApiCallMetricCollectionStage.execute(ApiCallMetricCollectionStage.java:50)
	at software.amazon.awssdk.core.internal.http.pipeline.stages.ApiCallMetricCollectionStage.execute(ApiCallMetricCollectionStage.java:32)
	at software.amazon.awssdk.core.internal.http.pipeline.RequestPipelineBuilder$ComposingRequestPipelineStage.execute(RequestPipelineBuilder.java:206)
	at software.amazon.awssdk.core.internal.http.pipeline.RequestPipelineBuilder$ComposingRequestPipelineStage.execute(RequestPipelineBuilder.java:206)
	at software.amazon.awssdk.core.internal.http.pipeline.stages.ExecutionFailureExceptionReportingStage.execute(ExecutionFailureExceptionReportingStage.java:37)
	at software.amazon.awssdk.core.internal.http.pipeline.stages.ExecutionFailureExceptionReportingStage.execute(ExecutionFailureExceptionReportingStage.java:26)
	at software.amazon.awssdk.core.internal.http.AmazonSyncHttpClient$RequestExecutionBuilderImpl.execute(AmazonSyncHttpClient.java:224)
	at software.amazon.awssdk.core.internal.handler.BaseSyncClientHandler.invoke(BaseSyncClientHandler.java:103)
	at software.amazon.awssdk.core.internal.handler.BaseSyncClientHandler.doExecute(BaseSyncClientHandler.java:173)
	at software.amazon.awssdk.core.internal.handler.BaseSyncClientHandler.lambda$execute$1(BaseSyncClientHandler.java:80)
	at software.amazon.awssdk.core.internal.handler.BaseSyncClientHandler.measureApiCallSuccess(BaseSyncClientHandler.java:182)
	at software.amazon.awssdk.core.internal.handler.BaseSyncClientHandler.execute(BaseSyncClientHandler.java:74)
	at software.amazon.awssdk.core.client.handler.SdkSyncClientHandler.execute(SdkSyncClientHandler.java:45)
	at software.amazon.awssdk.awscore.client.handler.AwsSyncClientHandler.execute(AwsSyncClientHandler.java:53)
	at software.amazon.awssdk.services.dynamodb.DefaultDynamoDbClient.getItem(DefaultDynamoDbClient.java:3347)
	at software.amazon.awssdk.enhanced.dynamodb.internal.operations.CommonOperation.execute(CommonOperation.java:114)
	at software.amazon.awssdk.enhanced.dynamodb.internal.operations.TableOperation.executeOnPrimaryIndex(TableOperation.java:59)
	at software.amazon.awssdk.enhanced.dynamodb.internal.client.DefaultDynamoDbTable.getItem(DefaultDynamoDbTable.java:214)
	at software.amazon.awssdk.enhanced.dynamodb.internal.client.DefaultDynamoDbTable.getItem(DefaultDynamoDbTable.java:221)
	at com.example.demo.repository.RoleRepository.findByName(RoleRepository.java:74)
	at com.example.demo.repository.RoleRepository.existsByName(RoleRepository.java:78)
	at com.example.demo.repository.RoleRepository.createTablesIfNotExistsAndDefaults(RoleRepository.java:46)
	at java.base/jdk.internal.reflect.DirectMethodHandleAccessor.invoke(DirectMethodHandleAccessor.java:104)
	at java.base/java.lang.reflect.Method.invoke(Method.java:565)
	at org.springframework.beans.factory.annotation.InitDestroyAnnotationBeanPostProcessor$LifecycleMethod.invoke(InitDestroyAnnotationBeanPostProcessor.java:457)
	at org.springframework.beans.factory.annotation.InitDestroyAnnotationBeanPostProcessor$LifecycleMetadata.invokeInitMethods(InitDestroyAnnotationBeanPostProcessor.java:401)
	at org.springframework.beans.factory.annotation.InitDestroyAnnotationBeanPostProcessor.postProcessBeforeInitialization(InitDestroyAnnotationBeanPostProcessor.java:219)
	... 46 common frames omitted
	Suppressed: software.amazon.awssdk.core.exception.SdkClientException: Request attempt 1 failure: Unable to execute HTTP request: Connect to localhost:8000 [localhost/127.0.0.1, localhost/0:0:0:0:0:0:0:1] failed: Connection refused
	Suppressed: software.amazon.awssdk.core.exception.SdkClientException: Request attempt 2 failure: Unable to execute HTTP request: Connect to localhost:8000 [localhost/127.0.0.1, localhost/0:0:0:0:0:0:0:1] failed: Connection refused
	Suppressed: software.amazon.awssdk.core.exception.SdkClientException: Request attempt 3 failure: Unable to execute HTTP request: Connect to localhost:8000 [localhost/127.0.0.1, localhost/0:0:0:0:0:0:0:1] failed: Connection refused
	Suppressed: software.amazon.awssdk.core.exception.SdkClientException: Request attempt 4 failure: Unable to execute HTTP request: Connect to localhost:8000 [localhost/127.0.0.1, localhost/0:0:0:0:0:0:0:1] failed: Connection refused
	Suppressed: software.amazon.awssdk.core.exception.SdkClientException: Request attempt 5 failure: Unable to execute HTTP request: Connect to localhost:8000 [localhost/127.0.0.1, localhost/0:0:0:0:0:0:0:1] failed: Connection refused
	Suppressed: software.amazon.awssdk.core.exception.SdkClientException: Request attempt 6 failure: Unable to execute HTTP request: Connect to localhost:8000 [localhost/127.0.0.1, localhost/0:0:0:0:0:0:0:1] failed: Connection refused
	Suppressed: software.amazon.awssdk.core.exception.SdkClientException: Request attempt 7 failure: Unable to execute HTTP request: Connect to localhost:8000 [localhost/127.0.0.1, localhost/0:0:0:0:0:0:0:1] failed: Connection refused
	Suppressed: software.amazon.awssdk.core.exception.SdkClientException: Request attempt 8 failure: Unable to execute HTTP request: Connect to localhost:8000 [localhost/127.0.0.1, localhost/0:0:0:0:0:0:0:1] failed: Connection refused
Caused by: org.apache.http.conn.HttpHostConnectException: Connect to localhost:8000 [localhost/127.0.0.1, localhost/0:0:0:0:0:0:0:1] failed: Connection refused
	at org.apache.http.impl.conn.DefaultHttpClientConnectionOperator.connect(DefaultHttpClientConnectionOperator.java:156)
	at org.apache.http.impl.conn.PoolingHttpClientConnectionManager.connect(PoolingHttpClientConnectionManager.java:376)
	at software.amazon.awssdk.http.apache.internal.conn.ClientConnectionManagerFactory$DelegatingHttpClientConnectionManager.connect(ClientConnectionManagerFactory.java:86)
	at org.apache.http.impl.execchain.MainClientExec.establishRoute(MainClientExec.java:393)
	at org.apache.http.impl.execchain.MainClientExec.execute(MainClientExec.java:236)
	at org.apache.http.impl.execchain.ProtocolExec.execute(ProtocolExec.java:186)
	at org.apache.http.impl.client.InternalHttpClient.doExecute(InternalHttpClient.java:185)
	at org.apache.http.impl.client.CloseableHttpClient.execute(CloseableHttpClient.java:83)
	at org.apache.http.impl.client.CloseableHttpClient.execute(CloseableHttpClient.java:56)
	at software.amazon.awssdk.http.apache.internal.impl.ApacheSdkHttpClient.execute(ApacheSdkHttpClient.java:72)
	at software.amazon.awssdk.http.apache.ApacheHttpClient.execute(ApacheHttpClient.java:254)
	at software.amazon.awssdk.http.apache.ApacheHttpClient.access$500(ApacheHttpClient.java:104)
	at software.amazon.awssdk.http.apache.ApacheHttpClient$1.call(ApacheHttpClient.java:231)
	at software.amazon.awssdk.http.apache.ApacheHttpClient$1.call(ApacheHttpClient.java:228)
	at software.amazon.awssdk.core.internal.util.MetricUtils.measureDurationUnsafe(MetricUtils.java:99)
	at software.amazon.awssdk.core.internal.http.pipeline.stages.MakeHttpRequestStage.executeHttpRequest(MakeHttpRequestStage.java:79)
	at software.amazon.awssdk.core.internal.http.pipeline.stages.MakeHttpRequestStage.execute(MakeHttpRequestStage.java:57)
	at software.amazon.awssdk.core.internal.http.pipeline.stages.MakeHttpRequestStage.execute(MakeHttpRequestStage.java:40)
	at software.amazon.awssdk.core.internal.http.pipeline.RequestPipelineBuilder$ComposingRequestPipelineStage.execute(RequestPipelineBuilder.java:206)
	at software.amazon.awssdk.core.internal.http.pipeline.RequestPipelineBuilder$ComposingRequestPipelineStage.execute(RequestPipelineBuilder.java:206)
	at software.amazon.awssdk.core.internal.http.pipeline.RequestPipelineBuilder$ComposingRequestPipelineStage.execute(RequestPipelineBuilder.java:206)
	at software.amazon.awssdk.core.internal.http.pipeline.RequestPipelineBuilder$ComposingRequestPipelineStage.execute(RequestPipelineBuilder.java:206)
	at software.amazon.awssdk.core.internal.http.pipeline.stages.ApiCallAttemptTimeoutTrackingStage.execute(ApiCallAttemptTimeoutTrackingStage.java:72)
	at software.amazon.awssdk.core.internal.http.pipeline.stages.ApiCallAttemptTimeoutTrackingStage.execute(ApiCallAttemptTimeoutTrackingStage.java:42)
	at software.amazon.awssdk.core.internal.http.pipeline.stages.TimeoutExceptionHandlingStage.execute(TimeoutExceptionHandlingStage.java:78)
	at software.amazon.awssdk.core.internal.http.pipeline.stages.TimeoutExceptionHandlingStage.execute(TimeoutExceptionHandlingStage.java:40)
	at software.amazon.awssdk.core.internal.http.pipeline.stages.ApiCallAttemptMetricCollectionStage.execute(ApiCallAttemptMetricCollectionStage.java:55)
	at software.amazon.awssdk.core.internal.http.pipeline.stages.ApiCallAttemptMetricCollectionStage.execute(ApiCallAttemptMetricCollectionStage.java:39)
	at software.amazon.awssdk.core.internal.http.pipeline.stages.RetryableStage.execute(RetryableStage.java:81)
	... 80 common frames omitted
Caused by: java.net.ConnectException: Connection refused
	at java.base/sun.nio.ch.Net.pollConnect(Native Method)
	at java.base/sun.nio.ch.Net.pollConnectNow(Net.java:628)
	at java.base/sun.nio.ch.NioSocketImpl.timedFinishConnect(NioSocketImpl.java:540)
	at java.base/sun.nio.ch.NioSocketImpl.connect(NioSocketImpl.java:583)
	at java.base/java.net.SocksSocketImpl.connect(SocksSocketImpl.java:282)
	at java.base/java.net.Socket.connect(Socket.java:665)
	at org.apache.http.conn.socket.PlainConnectionSocketFactory.connectSocket(PlainConnectionSocketFactory.java:75)
	at org.apache.http.impl.conn.DefaultHttpClientConnectionOperator.connect(DefaultHttpClientConnectionOperator.java:142)
	... 108 common frames omitted
2025-08-29 16:10:08 INFO  [background-preinit] o.h.validator.internal.util.Version - HV000001: Hibernate Validator 8.0.2.Final
2025-08-29 16:10:08 INFO  [main] c.e.d.VehicleManagementSystemApplication - Starting VehicleManagementSystemApplication using Java 24.0.1 with PID 51184 (/Users/soenaykhant/eclipse_workspace/learning/vehicle_management_system/target/classes started by soenaykhant in /Users/soenaykhant/eclipse_workspace/learning/vehicle_management_system)
2025-08-29 16:10:08 INFO  [main] c.e.d.VehicleManagementSystemApplication - No active profile set, falling back to 1 default profile: "default"
2025-08-29 16:10:09 INFO  [main] o.s.d.r.c.RepositoryConfigurationDelegate - Multiple Spring Data modules found, entering strict repository configuration mode
2025-08-29 16:10:09 INFO  [main] o.s.d.r.c.RepositoryConfigurationDelegate - Bootstrapping Spring Data Redis repositories in DEFAULT mode.
2025-08-29 16:10:09 INFO  [main] o.s.d.r.c.RepositoryConfigurationDelegate - Finished Spring Data repository scanning in 9 ms. Found 0 Redis repository interfaces.
2025-08-29 16:10:09 INFO  [main] o.s.b.w.e.tomcat.TomcatWebServer - Tomcat initialized with port 8002 (http)
2025-08-29 16:10:09 INFO  [main] o.a.coyote.http11.Http11NioProtocol - Initializing ProtocolHandler ["http-nio-8002"]
2025-08-29 16:10:09 INFO  [main] o.a.catalina.core.StandardService - Starting service [Tomcat]
2025-08-29 16:10:09 INFO  [main] o.a.catalina.core.StandardEngine - Starting Servlet engine: [Apache Tomcat/10.1.40]
2025-08-29 16:10:09 INFO  [main] o.a.c.c.C.[Tomcat].[localhost].[/] - Initializing Spring embedded WebApplicationContext
2025-08-29 16:10:09 INFO  [main] o.s.b.w.s.c.ServletWebServerApplicationContext - Root WebApplicationContext: initialization completed in 620 ms
2025-08-29 16:10:13 INFO  [main] o.s.s.c.a.a.c.InitializeUserDetailsBeanManagerConfigurer$InitializeUserDetailsManagerConfigurer - Global AuthenticationManager configured with UserDetailsService bean with name userDetailsServiceImpl
2025-08-29 16:10:13 INFO  [main] o.a.coyote.http11.Http11NioProtocol - Starting ProtocolHandler ["http-nio-8002"]
2025-08-29 16:10:13 INFO  [main] o.s.b.w.e.tomcat.TomcatWebServer - Tomcat started on port 8002 (http) with context path '/'
2025-08-29 16:10:13 INFO  [main] c.e.d.VehicleManagementSystemApplication - Started VehicleManagementSystemApplication in 5.073 seconds (process running for 5.206)
2025-08-29 16:12:27 INFO  [http-nio-8002-exec-2] o.a.c.c.C.[Tomcat].[localhost].[/] - Initializing Spring DispatcherServlet 'dispatcherServlet'
2025-08-29 16:12:27 INFO  [http-nio-8002-exec-2] o.s.web.servlet.DispatcherServlet - Initializing Servlet 'dispatcherServlet'
2025-08-29 16:12:27 INFO  [http-nio-8002-exec-2] o.s.web.servlet.DispatcherServlet - Completed initialization in 1 ms
2025-08-29 16:12:27 INFO  [http-nio-8002-exec-2] c.e.d.c.AuthenticationController - Registering new user: Chat Chai
2025-08-29 16:12:27 INFO  [http-nio-8002-exec-2] c.example.demo.service.UserService - A new user with username 'Chat Chai' is self-registering. Action will be logged by SYSTEM.
2025-08-29 16:12:28 INFO  [http-nio-8002-exec-2] c.e.d.c.AuthenticationController - Registration successful for user: Chat Chai
2025-08-29 16:12:28 INFO  [task-1] c.example.demo.service.EmailService - Preparing to send welcome email to 'soenaykhant79@gmail.com'...
2025-08-29 16:12:50 INFO  [task-1] c.example.demo.service.EmailService - Successfully sent welcome email to 'soenaykhant79@gmail.com'
2025-08-29 16:16:43 INFO  [SpringApplicationShutdownHook] o.s.b.w.e.tomcat.GracefulShutdown - Commencing graceful shutdown. Waiting for active requests to complete
2025-08-29 16:16:43 INFO  [tomcat-shutdown] o.s.b.w.e.tomcat.GracefulShutdown - Graceful shutdown complete
2025-08-29 16:21:56 INFO  [background-preinit] o.h.validator.internal.util.Version - HV000001: Hibernate Validator 8.0.2.Final
2025-08-29 16:21:56 INFO  [main] c.e.d.VehicleManagementSystemApplication - Starting VehicleManagementSystemApplication using Java 24.0.1 with PID 51441 (/Users/soenaykhant/eclipse_workspace/learning/vehicle_management_system/target/classes started by soenaykhant in /Users/soenaykhant/eclipse_workspace/learning/vehicle_management_system)
2025-08-29 16:21:56 INFO  [main] c.e.d.VehicleManagementSystemApplication - No active profile set, falling back to 1 default profile: "default"
2025-08-29 16:21:56 INFO  [main] o.s.d.r.c.RepositoryConfigurationDelegate - Multiple Spring Data modules found, entering strict repository configuration mode
2025-08-29 16:21:56 INFO  [main] o.s.d.r.c.RepositoryConfigurationDelegate - Bootstrapping Spring Data Redis repositories in DEFAULT mode.
2025-08-29 16:21:56 INFO  [main] o.s.d.r.c.RepositoryConfigurationDelegate - Finished Spring Data repository scanning in 9 ms. Found 0 Redis repository interfaces.
2025-08-29 16:21:57 INFO  [main] o.s.b.w.e.tomcat.TomcatWebServer - Tomcat initialized with port 8002 (http)
2025-08-29 16:21:57 INFO  [main] o.a.coyote.http11.Http11NioProtocol - Initializing ProtocolHandler ["http-nio-8002"]
2025-08-29 16:21:57 INFO  [main] o.a.catalina.core.StandardService - Starting service [Tomcat]
2025-08-29 16:21:57 INFO  [main] o.a.catalina.core.StandardEngine - Starting Servlet engine: [Apache Tomcat/10.1.40]
2025-08-29 16:21:57 INFO  [main] o.a.c.c.C.[Tomcat].[localhost].[/] - Initializing Spring embedded WebApplicationContext
2025-08-29 16:21:57 INFO  [main] o.s.b.w.s.c.ServletWebServerApplicationContext - Root WebApplicationContext: initialization completed in 615 ms
2025-08-29 16:21:57 INFO  [main] o.s.s.c.a.a.c.InitializeUserDetailsBeanManagerConfigurer$InitializeUserDetailsManagerConfigurer - Global AuthenticationManager configured with UserDetailsService bean with name userDetailsServiceImpl
2025-08-29 16:21:58 INFO  [main] o.a.coyote.http11.Http11NioProtocol - Starting ProtocolHandler ["http-nio-8002"]
2025-08-29 16:21:58 INFO  [main] o.s.b.w.e.tomcat.TomcatWebServer - Tomcat started on port 8002 (http) with context path '/'
2025-08-29 16:21:58 INFO  [main] c.e.d.VehicleManagementSystemApplication - Started VehicleManagementSystemApplication in 1.77 seconds (process running for 1.905)
2025-08-29 16:22:01 INFO  [http-nio-8002-exec-1] o.a.c.c.C.[Tomcat].[localhost].[/] - Initializing Spring DispatcherServlet 'dispatcherServlet'
2025-08-29 16:22:01 INFO  [http-nio-8002-exec-1] o.s.web.servlet.DispatcherServlet - Initializing Servlet 'dispatcherServlet'
2025-08-29 16:22:01 INFO  [http-nio-8002-exec-1] o.s.web.servlet.DispatcherServlet - Completed initialization in 1 ms
2025-08-29 16:22:01 INFO  [http-nio-8002-exec-1] c.e.d.c.AuthenticationController - Attempting login for user: admin
2025-08-29 16:22:01 INFO  [http-nio-8002-exec-1] c.e.d.c.AuthenticationController - Login successful for user: admin
2025-08-29 16:23:10 INFO  [http-nio-8002-exec-5] c.example.demo.service.UserService - Fetching all users from the database.
2025-08-29 16:24:27 INFO  [http-nio-8002-exec-8] c.example.demo.service.UserService - Updating user & writing log [userId=USER_f2df19ae-46d7-46c1-8a1e-c0233fe86364_1756458747887, logId=USER_LOG_34065181-1853-4e5e-a85c-6947abbdaa63_1756459467481]
2025-08-29 16:24:27 INFO  [task-1] c.example.demo.service.EmailService - Preparing to send account update notification to 'soenaykhant79@gmail.com'...
2025-08-29 16:24:52 INFO  [task-1] c.example.demo.service.EmailService - Successfully sent account update notification to 'soenaykhant79@gmail.com'
2025-08-29 16:25:12 INFO  [SpringApplicationShutdownHook] o.s.b.w.e.tomcat.GracefulShutdown - Commencing graceful shutdown. Waiting for active requests to complete
2025-08-29 16:25:12 INFO  [tomcat-shutdown] o.s.b.w.e.tomcat.GracefulShutdown - Graceful shutdown complete
2025-08-29 16:58:05 INFO  [background-preinit] o.h.validator.internal.util.Version - HV000001: Hibernate Validator 8.0.2.Final
2025-08-29 16:58:05 INFO  [main] c.e.d.VehicleManagementSystemApplication - Starting VehicleManagementSystemApplication using Java 24.0.1 with PID 52240 (/Users/soenaykhant/eclipse_workspace/learning/vehicle_management_system/target/classes started by soenaykhant in /Users/soenaykhant/eclipse_workspace/learning/vehicle_management_system)
2025-08-29 16:58:05 INFO  [main] c.e.d.VehicleManagementSystemApplication - No active profile set, falling back to 1 default profile: "default"
2025-08-29 16:58:05 INFO  [main] o.s.d.r.c.RepositoryConfigurationDelegate - Multiple Spring Data modules found, entering strict repository configuration mode
2025-08-29 16:58:05 INFO  [main] o.s.d.r.c.RepositoryConfigurationDelegate - Bootstrapping Spring Data Redis repositories in DEFAULT mode.
2025-08-29 16:58:05 INFO  [main] o.s.d.r.c.RepositoryConfigurationDelegate - Finished Spring Data repository scanning in 8 ms. Found 0 Redis repository interfaces.
2025-08-29 16:58:05 INFO  [main] o.s.b.w.e.tomcat.TomcatWebServer - Tomcat initialized with port 8002 (http)
2025-08-29 16:58:05 INFO  [main] o.a.coyote.http11.Http11NioProtocol - Initializing ProtocolHandler ["http-nio-8002"]
2025-08-29 16:58:05 INFO  [main] o.a.catalina.core.StandardService - Starting service [Tomcat]
2025-08-29 16:58:05 INFO  [main] o.a.catalina.core.StandardEngine - Starting Servlet engine: [Apache Tomcat/10.1.40]
2025-08-29 16:58:05 INFO  [main] o.a.c.c.C.[Tomcat].[localhost].[/] - Initializing Spring embedded WebApplicationContext
2025-08-29 16:58:05 INFO  [main] o.s.b.w.s.c.ServletWebServerApplicationContext - Root WebApplicationContext: initialization completed in 681 ms
2025-08-29 16:58:06 INFO  [main] o.s.s.c.a.a.c.InitializeUserDetailsBeanManagerConfigurer$InitializeUserDetailsManagerConfigurer - Global AuthenticationManager configured with UserDetailsService bean with name userDetailsServiceImpl
2025-08-29 16:58:06 INFO  [main] o.a.coyote.http11.Http11NioProtocol - Starting ProtocolHandler ["http-nio-8002"]
2025-08-29 16:58:06 INFO  [main] o.s.b.w.e.tomcat.TomcatWebServer - Tomcat started on port 8002 (http) with context path '/'
2025-08-29 16:58:06 INFO  [main] c.e.d.VehicleManagementSystemApplication - Started VehicleManagementSystemApplication in 1.87 seconds (process running for 2.01)
2025-08-29 17:13:00 INFO  [background-preinit] o.h.validator.internal.util.Version - HV000001: Hibernate Validator 8.0.2.Final
2025-08-29 17:13:00 INFO  [main] c.e.d.VehicleManagementSystemApplication - Starting VehicleManagementSystemApplication using Java 24.0.1 with PID 52544 (/Users/soenaykhant/eclipse_workspace/learning/vehicle_management_system/target/classes started by soenaykhant in /Users/soenaykhant/eclipse_workspace/learning/vehicle_management_system)
2025-08-29 17:13:00 INFO  [main] c.e.d.VehicleManagementSystemApplication - No active profile set, falling back to 1 default profile: "default"
2025-08-29 17:13:01 INFO  [main] o.s.d.r.c.RepositoryConfigurationDelegate - Multiple Spring Data modules found, entering strict repository configuration mode
2025-08-29 17:13:01 INFO  [main] o.s.d.r.c.RepositoryConfigurationDelegate - Bootstrapping Spring Data Redis repositories in DEFAULT mode.
2025-08-29 17:13:01 INFO  [main] o.s.d.r.c.RepositoryConfigurationDelegate - Finished Spring Data repository scanning in 9 ms. Found 0 Redis repository interfaces.
2025-08-29 17:13:01 INFO  [main] o.s.b.w.e.tomcat.TomcatWebServer - Tomcat initialized with port 8002 (http)
2025-08-29 17:13:01 INFO  [main] o.a.coyote.http11.Http11NioProtocol - Initializing ProtocolHandler ["http-nio-8002"]
2025-08-29 17:13:01 INFO  [main] o.a.catalina.core.StandardService - Starting service [Tomcat]
2025-08-29 17:13:01 INFO  [main] o.a.catalina.core.StandardEngine - Starting Servlet engine: [Apache Tomcat/10.1.40]
2025-08-29 17:13:01 INFO  [main] o.a.c.c.C.[Tomcat].[localhost].[/] - Initializing Spring embedded WebApplicationContext
2025-08-29 17:13:01 INFO  [main] o.s.b.w.s.c.ServletWebServerApplicationContext - Root WebApplicationContext: initialization completed in 661 ms
2025-08-29 17:13:01 INFO  [main] o.s.s.c.a.a.c.InitializeUserDetailsBeanManagerConfigurer$InitializeUserDetailsManagerConfigurer - Global AuthenticationManager configured with UserDetailsService bean with name userDetailsServiceImpl
2025-08-29 17:13:02 INFO  [main] o.a.coyote.http11.Http11NioProtocol - Starting ProtocolHandler ["http-nio-8002"]
2025-08-29 17:13:02 WARN  [main] o.s.b.w.s.c.AnnotationConfigServletWebServerApplicationContext - Exception encountered during context initialization - cancelling refresh attempt: org.springframework.context.ApplicationContextException: Failed to start bean 'webServerStartStop'
2025-08-29 17:13:02 INFO  [main] o.s.b.a.l.ConditionEvaluationReportLogger - 

Error starting ApplicationContext. To display the condition evaluation report re-run your application with 'debug' enabled.
2025-08-29 17:13:02 ERROR [main] o.s.b.d.LoggingFailureAnalysisReporter - 

***************************
APPLICATION FAILED TO START
***************************

Description:

Web server failed to start. Port 8002 was already in use.

Action:

Identify and stop the process that's listening on port 8002 or configure this application to listen on another port.

2025-08-29 17:16:48 INFO  [background-preinit] o.h.validator.internal.util.Version - HV000001: Hibernate Validator 8.0.2.Final
2025-08-29 17:16:48 INFO  [main] c.e.d.VehicleManagementSystemApplication - Starting VehicleManagementSystemApplication using Java 24.0.1 with PID 52623 (/Users/soenaykhant/eclipse_workspace/learning/vehicle_management_system/target/classes started by soenaykhant in /Users/soenaykhant/eclipse_workspace/learning/vehicle_management_system)
2025-08-29 17:16:48 INFO  [main] c.e.d.VehicleManagementSystemApplication - No active profile set, falling back to 1 default profile: "default"
2025-08-29 17:16:48 INFO  [main] o.s.d.r.c.RepositoryConfigurationDelegate - Multiple Spring Data modules found, entering strict repository configuration mode
2025-08-29 17:16:48 INFO  [main] o.s.d.r.c.RepositoryConfigurationDelegate - Bootstrapping Spring Data Redis repositories in DEFAULT mode.
2025-08-29 17:16:48 INFO  [main] o.s.d.r.c.RepositoryConfigurationDelegate - Finished Spring Data repository scanning in 9 ms. Found 0 Redis repository interfaces.
2025-08-29 17:16:49 INFO  [main] o.s.b.w.e.tomcat.TomcatWebServer - Tomcat initialized with port 8002 (http)
2025-08-29 17:16:49 INFO  [main] o.a.coyote.http11.Http11NioProtocol - Initializing ProtocolHandler ["http-nio-8002"]
2025-08-29 17:16:49 INFO  [main] o.a.catalina.core.StandardService - Starting service [Tomcat]
2025-08-29 17:16:49 INFO  [main] o.a.catalina.core.StandardEngine - Starting Servlet engine: [Apache Tomcat/10.1.40]
2025-08-29 17:16:49 INFO  [main] o.a.c.c.C.[Tomcat].[localhost].[/] - Initializing Spring embedded WebApplicationContext
2025-08-29 17:16:49 INFO  [main] o.s.b.w.s.c.ServletWebServerApplicationContext - Root WebApplicationContext: initialization completed in 646 ms
2025-08-29 17:16:49 INFO  [main] o.s.s.c.a.a.c.InitializeUserDetailsBeanManagerConfigurer$InitializeUserDetailsManagerConfigurer - Global AuthenticationManager configured with UserDetailsService bean with name userDetailsServiceImpl
2025-08-29 17:16:49 INFO  [main] o.a.coyote.http11.Http11NioProtocol - Starting ProtocolHandler ["http-nio-8002"]
2025-08-29 17:16:49 WARN  [main] o.s.b.w.s.c.AnnotationConfigServletWebServerApplicationContext - Exception encountered during context initialization - cancelling refresh attempt: org.springframework.context.ApplicationContextException: Failed to start bean 'webServerStartStop'
2025-08-29 17:16:49 INFO  [main] o.s.b.a.l.ConditionEvaluationReportLogger - 

Error starting ApplicationContext. To display the condition evaluation report re-run your application with 'debug' enabled.
2025-08-29 17:16:49 ERROR [main] o.s.b.d.LoggingFailureAnalysisReporter - 

***************************
APPLICATION FAILED TO START
***************************

Description:

Web server failed to start. Port 8002 was already in use.

Action:

Identify and stop the process that's listening on port 8002 or configure this application to listen on another port.

2025-08-29 17:18:08 INFO  [http-nio-8002-exec-1] o.a.c.c.C.[Tomcat].[localhost].[/] - Initializing Spring DispatcherServlet 'dispatcherServlet'
2025-08-29 17:18:08 INFO  [http-nio-8002-exec-1] o.s.web.servlet.DispatcherServlet - Initializing Servlet 'dispatcherServlet'
2025-08-29 17:18:08 INFO  [http-nio-8002-exec-1] o.s.web.servlet.DispatcherServlet - Completed initialization in 1 ms
2025-08-29 17:18:08 INFO  [http-nio-8002-exec-1] o.s.api.AbstractOpenApiResource - Init duration for springdoc-openapi is: 260 ms
2025-08-29 17:18:08 ERROR [http-nio-8002-exec-3] c.e.demo.security.JwtAuthEntryPoint - Unauthorized request - Full authentication is required to access this resource
2025-08-29 17:18:23 ERROR [http-nio-8002-exec-2] c.e.d.e.GlobalExceptionHandler - Exception caught [AuthorizationDeniedException]: Access Denied
org.springframework.security.authorization.AuthorizationDeniedException: Access Denied
	at org.springframework.security.authorization.method.ThrowingMethodAuthorizationDeniedHandler.handleDeniedInvocation(ThrowingMethodAuthorizationDeniedHandler.java:38)
	at org.springframework.security.authorization.method.PreAuthorizeAuthorizationManager.handleDeniedInvocation(PreAuthorizeAuthorizationManager.java:108)
	at org.springframework.security.authorization.method.AuthorizationManagerBeforeMethodInterceptor.handle(AuthorizationManagerBeforeMethodInterceptor.java:287)
	at org.springframework.security.authorization.method.AuthorizationManagerBeforeMethodInterceptor.attemptAuthorization(AuthorizationManagerBeforeMethodInterceptor.java:260)
	at org.springframework.security.authorization.method.AuthorizationManagerBeforeMethodInterceptor.invoke(AuthorizationManagerBeforeMethodInterceptor.java:196)
	at org.springframework.security.config.annotation.method.configuration.DeferringMethodInterceptor.invoke(DeferringMethodInterceptor.java:44)
	at org.springframework.aop.framework.ReflectiveMethodInvocation.proceed(ReflectiveMethodInvocation.java:184)
	at org.springframework.aop.framework.CglibAopProxy$DynamicAdvisedInterceptor.intercept(CglibAopProxy.java:728)
	at com.example.demo.controller.CarController$$SpringCGLIB$$0.getAllCars(<generated>)
	at java.base/jdk.internal.reflect.DirectMethodHandleAccessor.invoke(DirectMethodHandleAccessor.java:104)
	at java.base/java.lang.reflect.Method.invoke(Method.java:565)
	at org.springframework.web.method.support.InvocableHandlerMethod.doInvoke(InvocableHandlerMethod.java:258)
	at org.springframework.web.method.support.InvocableHandlerMethod.invokeForRequest(InvocableHandlerMethod.java:191)
	at org.springframework.web.servlet.mvc.method.annotation.ServletInvocableHandlerMethod.invokeAndHandle(ServletInvocableHandlerMethod.java:118)
	at org.springframework.web.servlet.mvc.method.annotation.RequestMappingHandlerAdapter.invokeHandlerMethod(RequestMappingHandlerAdapter.java:986)
	at org.springframework.web.servlet.mvc.method.annotation.RequestMappingHandlerAdapter.handleInternal(RequestMappingHandlerAdapter.java:891)
	at org.springframework.web.servlet.mvc.method.AbstractHandlerMethodAdapter.handle(AbstractHandlerMethodAdapter.java:87)
	at org.springframework.web.servlet.DispatcherServlet.doDispatch(DispatcherServlet.java:1089)
	at org.springframework.web.servlet.DispatcherServlet.doService(DispatcherServlet.java:979)
	at org.springframework.web.servlet.FrameworkServlet.processRequest(FrameworkServlet.java:1014)
	at org.springframework.web.servlet.FrameworkServlet.doGet(FrameworkServlet.java:903)
	at jakarta.servlet.http.HttpServlet.service(HttpServlet.java:564)
	at org.springframework.web.servlet.FrameworkServlet.service(FrameworkServlet.java:885)
	at jakarta.servlet.http.HttpServlet.service(HttpServlet.java:658)
	at org.apache.catalina.core.ApplicationFilterChain.internalDoFilter(ApplicationFilterChain.java:195)
	at org.apache.catalina.core.ApplicationFilterChain.doFilter(ApplicationFilterChain.java:140)
	at org.apache.tomcat.websocket.server.WsFilter.doFilter(WsFilter.java:51)
	at org.apache.catalina.core.ApplicationFilterChain.internalDoFilter(ApplicationFilterChain.java:164)
	at org.apache.catalina.core.ApplicationFilterChain.doFilter(ApplicationFilterChain.java:140)
	at org.springframework.web.filter.OncePerRequestFilter.doFilter(OncePerRequestFilter.java:110)
	at org.apache.catalina.core.ApplicationFilterChain.internalDoFilter(ApplicationFilterChain.java:164)
	at org.apache.catalina.core.ApplicationFilterChain.doFilter(ApplicationFilterChain.java:140)
	at org.springframework.web.filter.CompositeFilter$VirtualFilterChain.doFilter(CompositeFilter.java:108)
	at org.springframework.security.web.FilterChainProxy.lambda$doFilterInternal$3(FilterChainProxy.java:231)
	at org.springframework.security.web.FilterChainProxy$VirtualFilterChain.doFilter(FilterChainProxy.java:365)
	at org.springframework.security.web.access.intercept.AuthorizationFilter.doFilter(AuthorizationFilter.java:101)
	at org.springframework.security.web.FilterChainProxy$VirtualFilterChain.doFilter(FilterChainProxy.java:374)
	at org.springframework.security.web.access.ExceptionTranslationFilter.doFilter(ExceptionTranslationFilter.java:126)
	at org.springframework.security.web.access.ExceptionTranslationFilter.doFilter(ExceptionTranslationFilter.java:120)
	at org.springframework.security.web.FilterChainProxy$VirtualFilterChain.doFilter(FilterChainProxy.java:374)
	at org.springframework.security.web.session.SessionManagementFilter.doFilter(SessionManagementFilter.java:131)
	at org.springframework.security.web.session.SessionManagementFilter.doFilter(SessionManagementFilter.java:85)
	at org.springframework.security.web.FilterChainProxy$VirtualFilterChain.doFilter(FilterChainProxy.java:374)
	at org.springframework.security.web.authentication.AnonymousAuthenticationFilter.doFilter(AnonymousAuthenticationFilter.java:100)
	at org.springframework.security.web.FilterChainProxy$VirtualFilterChain.doFilter(FilterChainProxy.java:374)
	at org.springframework.security.web.servletapi.SecurityContextHolderAwareRequestFilter.doFilter(SecurityContextHolderAwareRequestFilter.java:179)
	at org.springframework.security.web.FilterChainProxy$VirtualFilterChain.doFilter(FilterChainProxy.java:374)
	at org.springframework.security.web.savedrequest.RequestCacheAwareFilter.doFilter(RequestCacheAwareFilter.java:63)
	at org.springframework.security.web.FilterChainProxy$VirtualFilterChain.doFilter(FilterChainProxy.java:374)
	at org.springframework.security.web.authentication.www.BasicAuthenticationFilter.doFilterInternal(BasicAuthenticationFilter.java:181)
	at org.springframework.web.filter.OncePerRequestFilter.doFilter(OncePerRequestFilter.java:116)
	at org.springframework.security.web.FilterChainProxy$VirtualFilterChain.doFilter(FilterChainProxy.java:374)
	at com.example.demo.security.JwtFilter.doFilterInternal(JwtFilter.java:34)
	at org.springframework.web.filter.OncePerRequestFilter.doFilter(OncePerRequestFilter.java:116)
	at org.springframework.security.web.FilterChainProxy$VirtualFilterChain.doFilter(FilterChainProxy.java:374)
	at org.springframework.security.web.authentication.logout.LogoutFilter.doFilter(LogoutFilter.java:107)
	at org.springframework.security.web.authentication.logout.LogoutFilter.doFilter(LogoutFilter.java:93)
	at org.springframework.security.web.FilterChainProxy$VirtualFilterChain.doFilter(FilterChainProxy.java:374)
	at org.springframework.security.web.header.HeaderWriterFilter.doHeadersAfter(HeaderWriterFilter.java:90)
	at org.springframework.security.web.header.HeaderWriterFilter.doFilterInternal(HeaderWriterFilter.java:75)
	at org.springframework.web.filter.OncePerRequestFilter.doFilter(OncePerRequestFilter.java:116)
	at org.springframework.security.web.FilterChainProxy$VirtualFilterChain.doFilter(FilterChainProxy.java:374)
	at org.springframework.security.web.context.SecurityContextHolderFilter.doFilter(SecurityContextHolderFilter.java:82)
	at org.springframework.security.web.context.SecurityContextHolderFilter.doFilter(SecurityContextHolderFilter.java:69)
	at org.springframework.security.web.FilterChainProxy$VirtualFilterChain.doFilter(FilterChainProxy.java:374)
	at org.springframework.security.web.context.request.async.WebAsyncManagerIntegrationFilter.doFilterInternal(WebAsyncManagerIntegrationFilter.java:62)
	at org.springframework.web.filter.OncePerRequestFilter.doFilter(OncePerRequestFilter.java:116)
	at org.springframework.security.web.FilterChainProxy$VirtualFilterChain.doFilter(FilterChainProxy.java:374)
	at org.springframework.security.web.session.DisableEncodeUrlFilter.doFilterInternal(DisableEncodeUrlFilter.java:42)
	at org.springframework.web.filter.OncePerRequestFilter.doFilter(OncePerRequestFilter.java:116)
	at org.springframework.security.web.FilterChainProxy$VirtualFilterChain.doFilter(FilterChainProxy.java:374)
	at org.springframework.security.web.FilterChainProxy.doFilterInternal(FilterChainProxy.java:233)
	at org.springframework.security.web.FilterChainProxy.doFilter(FilterChainProxy.java:191)
	at org.springframework.web.filter.CompositeFilter$VirtualFilterChain.doFilter(CompositeFilter.java:113)
	at org.springframework.web.servlet.handler.HandlerMappingIntrospector.lambda$createCacheFilter$3(HandlerMappingIntrospector.java:243)
	at org.springframework.web.filter.CompositeFilter$VirtualFilterChain.doFilter(CompositeFilter.java:113)
	at org.springframework.web.filter.CompositeFilter.doFilter(CompositeFilter.java:74)
	at org.springframework.security.config.annotation.web.configuration.WebMvcSecurityConfiguration$CompositeFilterChainProxy.doFilter(WebMvcSecurityConfiguration.java:238)
	at org.springframework.web.filter.DelegatingFilterProxy.invokeDelegate(DelegatingFilterProxy.java:362)
	at org.springframework.web.filter.DelegatingFilterProxy.doFilter(DelegatingFilterProxy.java:278)
	at org.apache.catalina.core.ApplicationFilterChain.internalDoFilter(ApplicationFilterChain.java:164)
	at org.apache.catalina.core.ApplicationFilterChain.doFilter(ApplicationFilterChain.java:140)
	at org.springframework.web.filter.RequestContextFilter.doFilterInternal(RequestContextFilter.java:100)
	at org.springframework.web.filter.OncePerRequestFilter.doFilter(OncePerRequestFilter.java:116)
	at org.apache.catalina.core.ApplicationFilterChain.internalDoFilter(ApplicationFilterChain.java:164)
	at org.apache.catalina.core.ApplicationFilterChain.doFilter(ApplicationFilterChain.java:140)
	at org.springframework.web.filter.FormContentFilter.doFilterInternal(FormContentFilter.java:93)
	at org.springframework.web.filter.OncePerRequestFilter.doFilter(OncePerRequestFilter.java:116)
	at org.apache.catalina.core.ApplicationFilterChain.internalDoFilter(ApplicationFilterChain.java:164)
	at org.apache.catalina.core.ApplicationFilterChain.doFilter(ApplicationFilterChain.java:140)
	at org.springframework.web.filter.CharacterEncodingFilter.doFilterInternal(CharacterEncodingFilter.java:201)
	at org.springframework.web.filter.OncePerRequestFilter.doFilter(OncePerRequestFilter.java:116)
	at org.apache.catalina.core.ApplicationFilterChain.internalDoFilter(ApplicationFilterChain.java:164)
	at org.apache.catalina.core.ApplicationFilterChain.doFilter(ApplicationFilterChain.java:140)
	at org.apache.catalina.core.StandardWrapperValve.invoke(StandardWrapperValve.java:167)
	at org.apache.catalina.core.StandardContextValve.invoke(StandardContextValve.java:90)
	at org.apache.catalina.authenticator.AuthenticatorBase.invoke(AuthenticatorBase.java:483)
	at org.apache.catalina.core.StandardHostValve.invoke(StandardHostValve.java:116)
	at org.apache.catalina.valves.ErrorReportValve.invoke(ErrorReportValve.java:93)
	at org.apache.catalina.core.StandardEngineValve.invoke(StandardEngineValve.java:74)
	at org.apache.catalina.connector.CoyoteAdapter.service(CoyoteAdapter.java:344)
	at org.apache.coyote.http11.Http11Processor.service(Http11Processor.java:398)
	at org.apache.coyote.AbstractProcessorLight.process(AbstractProcessorLight.java:63)
	at org.apache.coyote.AbstractProtocol$ConnectionHandler.process(AbstractProtocol.java:903)
	at org.apache.tomcat.util.net.NioEndpoint$SocketProcessor.doRun(NioEndpoint.java:1740)
	at org.apache.tomcat.util.net.SocketProcessorBase.run(SocketProcessorBase.java:52)
	at org.apache.tomcat.util.threads.ThreadPoolExecutor.runWorker(ThreadPoolExecutor.java:1189)
	at org.apache.tomcat.util.threads.ThreadPoolExecutor$Worker.run(ThreadPoolExecutor.java:658)
	at org.apache.tomcat.util.threads.TaskThread$WrappingRunnable.run(TaskThread.java:63)
	at java.base/java.lang.Thread.run(Thread.java:1447)
2025-08-29 17:18:23 ERROR [http-nio-8002-exec-4] c.e.demo.security.JwtAuthEntryPoint - Unauthorized request - Full authentication is required to access this resource
2025-08-29 17:18:31 INFO  [SpringApplicationShutdownHook] o.s.b.w.e.tomcat.GracefulShutdown - Commencing graceful shutdown. Waiting for active requests to complete
2025-08-29 17:18:31 INFO  [tomcat-shutdown] o.s.b.w.e.tomcat.GracefulShutdown - Graceful shutdown complete
2025-08-29 17:18:39 INFO  [background-preinit] o.h.validator.internal.util.Version - HV000001: Hibernate Validator 8.0.2.Final
2025-08-29 17:18:39 INFO  [main] c.e.d.VehicleManagementSystemApplication - Starting VehicleManagementSystemApplication using Java 24.0.1 with PID 52652 (/Users/soenaykhant/eclipse_workspace/learning/vehicle_management_system/target/classes started by soenaykhant in /Users/soenaykhant/eclipse_workspace/learning/vehicle_management_system)
2025-08-29 17:18:39 INFO  [main] c.e.d.VehicleManagementSystemApplication - No active profile set, falling back to 1 default profile: "default"
2025-08-29 17:18:40 INFO  [main] o.s.d.r.c.RepositoryConfigurationDelegate - Multiple Spring Data modules found, entering strict repository configuration mode
2025-08-29 17:18:40 INFO  [main] o.s.d.r.c.RepositoryConfigurationDelegate - Bootstrapping Spring Data Redis repositories in DEFAULT mode.
2025-08-29 17:18:40 INFO  [main] o.s.d.r.c.RepositoryConfigurationDelegate - Finished Spring Data repository scanning in 8 ms. Found 0 Redis repository interfaces.
2025-08-29 17:18:40 INFO  [main] o.s.b.w.e.tomcat.TomcatWebServer - Tomcat initialized with port 8002 (http)
2025-08-29 17:18:40 INFO  [main] o.a.coyote.http11.Http11NioProtocol - Initializing ProtocolHandler ["http-nio-8002"]
2025-08-29 17:18:40 INFO  [main] o.a.catalina.core.StandardService - Starting service [Tomcat]
2025-08-29 17:18:40 INFO  [main] o.a.catalina.core.StandardEngine - Starting Servlet engine: [Apache Tomcat/10.1.40]
2025-08-29 17:18:40 INFO  [main] o.a.c.c.C.[Tomcat].[localhost].[/] - Initializing Spring embedded WebApplicationContext
2025-08-29 17:18:40 INFO  [main] o.s.b.w.s.c.ServletWebServerApplicationContext - Root WebApplicationContext: initialization completed in 607 ms
2025-08-29 17:18:40 INFO  [main] o.s.s.c.a.a.c.InitializeUserDetailsBeanManagerConfigurer$InitializeUserDetailsManagerConfigurer - Global AuthenticationManager configured with UserDetailsService bean with name userDetailsServiceImpl
2025-08-29 17:18:41 INFO  [main] o.a.coyote.http11.Http11NioProtocol - Starting ProtocolHandler ["http-nio-8002"]
2025-08-29 17:18:41 INFO  [main] o.s.b.w.e.tomcat.TomcatWebServer - Tomcat started on port 8002 (http) with context path '/'
2025-08-29 17:18:41 INFO  [main] c.e.d.VehicleManagementSystemApplication - Started VehicleManagementSystemApplication in 1.713 seconds (process running for 1.831)
2025-08-29 17:19:07 INFO  [http-nio-8002-exec-2] o.a.c.c.C.[Tomcat].[localhost].[/] - Initializing Spring DispatcherServlet 'dispatcherServlet'
2025-08-29 17:19:07 INFO  [http-nio-8002-exec-2] o.s.web.servlet.DispatcherServlet - Initializing Servlet 'dispatcherServlet'
2025-08-29 17:19:07 INFO  [http-nio-8002-exec-2] o.s.web.servlet.DispatcherServlet - Completed initialization in 1 ms
2025-08-29 17:19:07 INFO  [http-nio-8002-exec-2] c.e.d.c.AuthenticationController - Attempting login for user: admin
2025-08-29 17:19:07 INFO  [http-nio-8002-exec-2] c.e.d.c.AuthenticationController - Login successful for user: admin
2025-08-29 17:19:54 INFO  [http-nio-8002-exec-4] c.example.demo.service.UserService - Deleting user & writing log [userId=USER_f2df19ae-46d7-46c1-8a1e-c0233fe86364_1756458747887, logId=USER_LOG_aa606f2b-0971-4ecd-a08c-6c99c5d6fcc1_1756462794214]
2025-08-29 17:20:08 INFO  [http-nio-8002-exec-3] c.example.demo.service.UserService - Fetching all users from the database.
2025-08-29 17:20:23 INFO  [http-nio-8002-exec-6] c.example.demo.service.UserService - Fetching all users from the database.
2025-08-29 17:23:06 INFO  [http-nio-8002-exec-8] c.e.d.c.AuthenticationController - Registering new user: Chat Chai
2025-08-29 17:23:06 INFO  [http-nio-8002-exec-8] c.example.demo.service.UserService - A new user with username 'Chat Chai' is self-registering. Action will be logged by SYSTEM.
2025-08-29 17:23:06 INFO  [http-nio-8002-exec-8] c.e.d.c.AuthenticationController - Registration successful for user: Chat Chai
2025-08-29 17:23:06 INFO  [task-1] c.example.demo.service.EmailService - Attempting to send welcome email to 'soenaykhant79@gmail.com'...
2025-08-29 17:23:11 INFO  [task-1] c.example.demo.service.EmailService - Successfully sent welcome email to 'soenaykhant79@gmail.com'
2025-08-29 17:24:40 INFO  [SpringApplicationShutdownHook] o.s.b.w.e.tomcat.GracefulShutdown - Commencing graceful shutdown. Waiting for active requests to complete
2025-08-29 17:24:40 INFO  [tomcat-shutdown] o.s.b.w.e.tomcat.GracefulShutdown - Graceful shutdown complete
2025-08-29 17:26:56 INFO  [background-preinit] o.h.validator.internal.util.Version - HV000001: Hibernate Validator 8.0.2.Final
2025-08-29 17:26:56 INFO  [main] c.e.d.VehicleManagementSystemApplication - Starting VehicleManagementSystemApplication using Java 24.0.1 with PID 52800 (/Users/soenaykhant/eclipse_workspace/learning/vehicle_management_system/target/classes started by soenaykhant in /Users/soenaykhant/eclipse_workspace/learning/vehicle_management_system)
2025-08-29 17:26:56 INFO  [main] c.e.d.VehicleManagementSystemApplication - No active profile set, falling back to 1 default profile: "default"
2025-08-29 17:26:56 INFO  [main] o.s.d.r.c.RepositoryConfigurationDelegate - Multiple Spring Data modules found, entering strict repository configuration mode
2025-08-29 17:26:56 INFO  [main] o.s.d.r.c.RepositoryConfigurationDelegate - Bootstrapping Spring Data Redis repositories in DEFAULT mode.
2025-08-29 17:26:56 INFO  [main] o.s.d.r.c.RepositoryConfigurationDelegate - Finished Spring Data repository scanning in 9 ms. Found 0 Redis repository interfaces.
2025-08-29 17:26:56 INFO  [main] o.s.b.w.e.tomcat.TomcatWebServer - Tomcat initialized with port 8002 (http)
2025-08-29 17:26:56 INFO  [main] o.a.coyote.http11.Http11NioProtocol - Initializing ProtocolHandler ["http-nio-8002"]
2025-08-29 17:26:56 INFO  [main] o.a.catalina.core.StandardService - Starting service [Tomcat]
2025-08-29 17:26:56 INFO  [main] o.a.catalina.core.StandardEngine - Starting Servlet engine: [Apache Tomcat/10.1.40]
2025-08-29 17:26:56 INFO  [main] o.a.c.c.C.[Tomcat].[localhost].[/] - Initializing Spring embedded WebApplicationContext
2025-08-29 17:26:56 INFO  [main] o.s.b.w.s.c.ServletWebServerApplicationContext - Root WebApplicationContext: initialization completed in 606 ms
2025-08-29 17:26:57 INFO  [main] o.s.s.c.a.a.c.InitializeUserDetailsBeanManagerConfigurer$InitializeUserDetailsManagerConfigurer - Global AuthenticationManager configured with UserDetailsService bean with name userDetailsServiceImpl
2025-08-29 17:26:57 INFO  [main] o.a.coyote.http11.Http11NioProtocol - Starting ProtocolHandler ["http-nio-8002"]
2025-08-29 17:26:57 INFO  [main] o.s.b.w.e.tomcat.TomcatWebServer - Tomcat started on port 8002 (http) with context path '/'
2025-08-29 17:26:57 INFO  [main] c.e.d.VehicleManagementSystemApplication - Started VehicleManagementSystemApplication in 1.699 seconds (process running for 1.822)
2025-08-29 17:27:11 INFO  [http-nio-8002-exec-2] o.a.c.c.C.[Tomcat].[localhost].[/] - Initializing Spring DispatcherServlet 'dispatcherServlet'
2025-08-29 17:27:11 INFO  [http-nio-8002-exec-2] o.s.web.servlet.DispatcherServlet - Initializing Servlet 'dispatcherServlet'
2025-08-29 17:27:11 INFO  [http-nio-8002-exec-2] o.s.web.servlet.DispatcherServlet - Completed initialization in 0 ms
2025-08-29 17:27:11 INFO  [http-nio-8002-exec-2] c.example.demo.service.UserService - Fetching all users from the database.
2025-08-29 17:49:41 INFO  [SpringApplicationShutdownHook] o.s.b.w.e.tomcat.GracefulShutdown - Commencing graceful shutdown. Waiting for active requests to complete
2025-08-29 17:49:41 INFO  [tomcat-shutdown] o.s.b.w.e.tomcat.GracefulShutdown - Graceful shutdown complete
2025-08-29 17:53:36 INFO  [background-preinit] o.h.validator.internal.util.Version - HV000001: Hibernate Validator 8.0.2.Final
2025-08-29 17:53:36 INFO  [main] c.e.d.VehicleManagementSystemApplication - Starting VehicleManagementSystemApplication using Java 24.0.1 with PID 53251 (/Users/soenaykhant/eclipse_workspace/learning/vehicle_management_system/target/classes started by soenaykhant in /Users/soenaykhant/eclipse_workspace/learning/vehicle_management_system)
2025-08-29 17:53:36 INFO  [main] c.e.d.VehicleManagementSystemApplication - No active profile set, falling back to 1 default profile: "default"
2025-08-29 17:53:36 INFO  [main] o.s.d.r.c.RepositoryConfigurationDelegate - Multiple Spring Data modules found, entering strict repository configuration mode
2025-08-29 17:53:36 INFO  [main] o.s.d.r.c.RepositoryConfigurationDelegate - Bootstrapping Spring Data Redis repositories in DEFAULT mode.
2025-08-29 17:53:36 INFO  [main] o.s.d.r.c.RepositoryConfigurationDelegate - Finished Spring Data repository scanning in 9 ms. Found 0 Redis repository interfaces.
2025-08-29 17:53:37 INFO  [main] o.s.b.w.e.tomcat.TomcatWebServer - Tomcat initialized with port 8002 (http)
2025-08-29 17:53:37 INFO  [main] o.a.coyote.http11.Http11NioProtocol - Initializing ProtocolHandler ["http-nio-8002"]
2025-08-29 17:53:37 INFO  [main] o.a.catalina.core.StandardService - Starting service [Tomcat]
2025-08-29 17:53:37 INFO  [main] o.a.catalina.core.StandardEngine - Starting Servlet engine: [Apache Tomcat/10.1.40]
2025-08-29 17:53:37 INFO  [main] o.a.c.c.C.[Tomcat].[localhost].[/] - Initializing Spring embedded WebApplicationContext
2025-08-29 17:53:37 INFO  [main] o.s.b.w.s.c.ServletWebServerApplicationContext - Root WebApplicationContext: initialization completed in 636 ms
2025-08-29 17:53:37 INFO  [main] o.s.s.c.a.a.c.InitializeUserDetailsBeanManagerConfigurer$InitializeUserDetailsManagerConfigurer - Global AuthenticationManager configured with UserDetailsService bean with name userDetailsServiceImpl
2025-08-29 17:53:38 INFO  [main] o.a.coyote.http11.Http11NioProtocol - Starting ProtocolHandler ["http-nio-8002"]
2025-08-29 17:53:38 INFO  [main] o.s.b.w.e.tomcat.TomcatWebServer - Tomcat started on port 8002 (http) with context path '/'
2025-08-29 17:53:38 INFO  [main] c.e.d.VehicleManagementSystemApplication - Started VehicleManagementSystemApplication in 1.761 seconds (process running for 1.884)
2025-08-29 17:53:45 INFO  [http-nio-8002-exec-1] o.a.c.c.C.[Tomcat].[localhost].[/] - Initializing Spring DispatcherServlet 'dispatcherServlet'
2025-08-29 17:53:45 INFO  [http-nio-8002-exec-1] o.s.web.servlet.DispatcherServlet - Initializing Servlet 'dispatcherServlet'
2025-08-29 17:53:45 INFO  [http-nio-8002-exec-1] o.s.web.servlet.DispatcherServlet - Completed initialization in 0 ms
2025-08-29 17:53:45 INFO  [http-nio-8002-exec-1] c.example.demo.service.UserService - Fetching all users from the database.
2025-08-29 17:53:57 INFO  [http-nio-8002-exec-4] c.example.demo.service.UserService - Fetching all users from the database.
2025-08-29 18:08:39 INFO  [http-nio-8002-exec-6] c.example.demo.service.UserService - Fetching all users from the database.
2025-08-29 19:06:28 INFO  [SpringApplicationShutdownHook] o.s.b.w.e.tomcat.GracefulShutdown - Commencing graceful shutdown. Waiting for active requests to complete
2025-08-29 19:06:28 INFO  [tomcat-shutdown] o.s.b.w.e.tomcat.GracefulShutdown - Graceful shutdown complete
2025-08-29 19:07:37 INFO  [background-preinit] o.h.validator.internal.util.Version - HV000001: Hibernate Validator 8.0.2.Final
2025-08-29 19:07:37 INFO  [main] c.e.d.VehicleManagementSystemApplication - Starting VehicleManagementSystemApplication using Java 24.0.1 with PID 54234 (/Users/soenaykhant/eclipse_workspace/learning/vehicle_management_system/target/classes started by soenaykhant in /Users/soenaykhant/eclipse_workspace/learning/vehicle_management_system)
2025-08-29 19:07:37 INFO  [main] c.e.d.VehicleManagementSystemApplication - No active profile set, falling back to 1 default profile: "default"
2025-08-29 19:07:37 INFO  [main] o.s.d.r.c.RepositoryConfigurationDelegate - Multiple Spring Data modules found, entering strict repository configuration mode
2025-08-29 19:07:37 INFO  [main] o.s.d.r.c.RepositoryConfigurationDelegate - Bootstrapping Spring Data Redis repositories in DEFAULT mode.
2025-08-29 19:07:37 INFO  [main] o.s.d.r.c.RepositoryConfigurationDelegate - Finished Spring Data repository scanning in 10 ms. Found 0 Redis repository interfaces.
2025-08-29 19:07:38 INFO  [main] o.s.b.w.e.tomcat.TomcatWebServer - Tomcat initialized with port 8002 (http)
2025-08-29 19:07:38 INFO  [main] o.a.coyote.http11.Http11NioProtocol - Initializing ProtocolHandler ["http-nio-8002"]
2025-08-29 19:07:38 INFO  [main] o.a.catalina.core.StandardService - Starting service [Tomcat]
2025-08-29 19:07:38 INFO  [main] o.a.catalina.core.StandardEngine - Starting Servlet engine: [Apache Tomcat/10.1.40]
2025-08-29 19:07:38 INFO  [main] o.a.c.c.C.[Tomcat].[localhost].[/] - Initializing Spring embedded WebApplicationContext
2025-08-29 19:07:38 INFO  [main] o.s.b.w.s.c.ServletWebServerApplicationContext - Root WebApplicationContext: initialization completed in 632 ms
2025-08-29 19:07:38 INFO  [main] o.s.s.c.a.a.c.InitializeUserDetailsBeanManagerConfigurer$InitializeUserDetailsManagerConfigurer - Global AuthenticationManager configured with UserDetailsService bean with name userDetailsServiceImpl
2025-08-29 19:07:38 INFO  [main] o.a.coyote.http11.Http11NioProtocol - Starting ProtocolHandler ["http-nio-8002"]
2025-08-29 19:07:38 INFO  [main] o.s.b.w.e.tomcat.TomcatWebServer - Tomcat started on port 8002 (http) with context path '/'
2025-08-29 19:07:39 INFO  [main] c.e.d.VehicleManagementSystemApplication - Started VehicleManagementSystemApplication in 1.759 seconds (process running for 1.883)
2025-08-29 19:07:51 INFO  [http-nio-8002-exec-2] o.a.c.c.C.[Tomcat].[localhost].[/] - Initializing Spring DispatcherServlet 'dispatcherServlet'
2025-08-29 19:07:51 INFO  [http-nio-8002-exec-2] o.s.web.servlet.DispatcherServlet - Initializing Servlet 'dispatcherServlet'
2025-08-29 19:07:51 INFO  [http-nio-8002-exec-2] o.s.web.servlet.DispatcherServlet - Completed initialization in 0 ms
2025-08-29 19:07:51 INFO  [http-nio-8002-exec-2] c.example.demo.service.UserService - Fetching all users from the database.
2025-08-29 19:08:00 INFO  [http-nio-8002-exec-3] c.example.demo.service.UserService - Fetching all users from the database.
2025-08-29 19:08:07 INFO  [SpringApplicationShutdownHook] o.s.b.w.e.tomcat.GracefulShutdown - Commencing graceful shutdown. Waiting for active requests to complete
2025-08-29 19:08:07 INFO  [tomcat-shutdown] o.s.b.w.e.tomcat.GracefulShutdown - Graceful shutdown complete
2025-08-29 19:08:07 INFO  [SpringApplicationShutdownHook] c.example.demo.service.UserService - Application is shutting down. Invalidating all user tokens...
2025-08-29 19:08:07 INFO  [SpringApplicationShutdownHook] c.example.demo.service.UserService - Successfully invalidated tokens for 5 users.
2025-08-29 19:08:18 INFO  [background-preinit] o.h.validator.internal.util.Version - HV000001: Hibernate Validator 8.0.2.Final
2025-08-29 19:08:18 INFO  [main] c.e.d.VehicleManagementSystemApplication - Starting VehicleManagementSystemApplication using Java 24.0.1 with PID 54248 (/Users/soenaykhant/eclipse_workspace/learning/vehicle_management_system/target/classes started by soenaykhant in /Users/soenaykhant/eclipse_workspace/learning/vehicle_management_system)
2025-08-29 19:08:18 INFO  [main] c.e.d.VehicleManagementSystemApplication - No active profile set, falling back to 1 default profile: "default"
2025-08-29 19:08:18 INFO  [main] o.s.d.r.c.RepositoryConfigurationDelegate - Multiple Spring Data modules found, entering strict repository configuration mode
2025-08-29 19:08:18 INFO  [main] o.s.d.r.c.RepositoryConfigurationDelegate - Bootstrapping Spring Data Redis repositories in DEFAULT mode.
2025-08-29 19:08:18 INFO  [main] o.s.d.r.c.RepositoryConfigurationDelegate - Finished Spring Data repository scanning in 10 ms. Found 0 Redis repository interfaces.
2025-08-29 19:08:18 INFO  [main] o.s.b.w.e.tomcat.TomcatWebServer - Tomcat initialized with port 8002 (http)
2025-08-29 19:08:18 INFO  [main] o.a.coyote.http11.Http11NioProtocol - Initializing ProtocolHandler ["http-nio-8002"]
2025-08-29 19:08:18 INFO  [main] o.a.catalina.core.StandardService - Starting service [Tomcat]
2025-08-29 19:08:18 INFO  [main] o.a.catalina.core.StandardEngine - Starting Servlet engine: [Apache Tomcat/10.1.40]
2025-08-29 19:08:18 INFO  [main] o.a.c.c.C.[Tomcat].[localhost].[/] - Initializing Spring embedded WebApplicationContext
2025-08-29 19:08:18 INFO  [main] o.s.b.w.s.c.ServletWebServerApplicationContext - Root WebApplicationContext: initialization completed in 644 ms
2025-08-29 19:08:19 INFO  [main] o.s.s.c.a.a.c.InitializeUserDetailsBeanManagerConfigurer$InitializeUserDetailsManagerConfigurer - Global AuthenticationManager configured with UserDetailsService bean with name userDetailsServiceImpl
2025-08-29 19:08:19 INFO  [main] o.a.coyote.http11.Http11NioProtocol - Starting ProtocolHandler ["http-nio-8002"]
2025-08-29 19:08:19 INFO  [main] o.s.b.w.e.tomcat.TomcatWebServer - Tomcat started on port 8002 (http) with context path '/'
2025-08-29 19:08:19 INFO  [main] c.e.d.VehicleManagementSystemApplication - Started VehicleManagementSystemApplication in 1.755 seconds (process running for 1.884)
2025-08-29 19:08:35 INFO  [http-nio-8002-exec-1] o.a.c.c.C.[Tomcat].[localhost].[/] - Initializing Spring DispatcherServlet 'dispatcherServlet'
2025-08-29 19:08:35 INFO  [http-nio-8002-exec-1] o.s.web.servlet.DispatcherServlet - Initializing Servlet 'dispatcherServlet'
2025-08-29 19:08:35 INFO  [http-nio-8002-exec-1] o.s.web.servlet.DispatcherServlet - Completed initialization in 1 ms
2025-08-29 19:08:35 ERROR [http-nio-8002-exec-1] c.e.demo.security.JwtAuthEntryPoint - Unauthorized request - Full authentication is required to access this resource
2025-08-29 19:08:54 INFO  [http-nio-8002-exec-3] c.e.d.c.AuthenticationController - Attempting login for user: admin
2025-08-29 19:08:54 INFO  [http-nio-8002-exec-3] c.example.demo.service.UserService - Updated token validity timestamp for user 'admin'.
2025-08-29 19:08:54 INFO  [http-nio-8002-exec-3] c.e.d.c.AuthenticationController - Login successful for user: admin
2025-08-29 19:09:14 ERROR [http-nio-8002-exec-4] c.e.demo.security.JwtAuthEntryPoint - Unauthorized request - Full authentication is required to access this resource
2025-08-29 19:09:39 ERROR [http-nio-8002-exec-5] c.e.demo.security.JwtAuthEntryPoint - Unauthorized request - Full authentication is required to access this resource
2025-08-29 19:11:01 ERROR [http-nio-8002-exec-8] o.a.c.c.C.[.[.[.[dispatcherServlet] - Servlet.service() for servlet [dispatcherServlet] in context with path [] threw exception
io.jsonwebtoken.ExpiredJwtException: JWT expired at 2025-08-14T00:21:27Z. Current time: 2025-08-29T12:11:01Z, a difference of 1338574348 milliseconds.  Allowed clock skew: 0 milliseconds.
	at io.jsonwebtoken.impl.DefaultJwtParser.parse(DefaultJwtParser.java:427)
	at io.jsonwebtoken.impl.DefaultJwtParser.parse(DefaultJwtParser.java:529)
	at io.jsonwebtoken.impl.DefaultJwtParser.parseClaimsJws(DefaultJwtParser.java:589)
	at io.jsonwebtoken.impl.ImmutableJwtParser.parseClaimsJws(ImmutableJwtParser.java:173)
	at com.example.demo.service.JwtService.getClaims(JwtService.java:70)
	at com.example.demo.service.JwtService.extractUsername(JwtService.java:36)
	at com.example.demo.security.JwtFilter.doFilterInternal(JwtFilter.java:39)
	at org.springframework.web.filter.OncePerRequestFilter.doFilter(OncePerRequestFilter.java:116)
	at org.springframework.security.web.FilterChainProxy$VirtualFilterChain.doFilter(FilterChainProxy.java:374)
	at org.springframework.security.web.authentication.logout.LogoutFilter.doFilter(LogoutFilter.java:107)
	at org.springframework.security.web.authentication.logout.LogoutFilter.doFilter(LogoutFilter.java:93)
	at org.springframework.security.web.FilterChainProxy$VirtualFilterChain.doFilter(FilterChainProxy.java:374)
	at org.springframework.security.web.header.HeaderWriterFilter.doHeadersAfter(HeaderWriterFilter.java:90)
	at org.springframework.security.web.header.HeaderWriterFilter.doFilterInternal(HeaderWriterFilter.java:75)
	at org.springframework.web.filter.OncePerRequestFilter.doFilter(OncePerRequestFilter.java:116)
	at org.springframework.security.web.FilterChainProxy$VirtualFilterChain.doFilter(FilterChainProxy.java:374)
	at org.springframework.security.web.context.SecurityContextHolderFilter.doFilter(SecurityContextHolderFilter.java:82)
	at org.springframework.security.web.context.SecurityContextHolderFilter.doFilter(SecurityContextHolderFilter.java:69)
	at org.springframework.security.web.FilterChainProxy$VirtualFilterChain.doFilter(FilterChainProxy.java:374)
	at org.springframework.security.web.context.request.async.WebAsyncManagerIntegrationFilter.doFilterInternal(WebAsyncManagerIntegrationFilter.java:62)
	at org.springframework.web.filter.OncePerRequestFilter.doFilter(OncePerRequestFilter.java:116)
	at org.springframework.security.web.FilterChainProxy$VirtualFilterChain.doFilter(FilterChainProxy.java:374)
	at org.springframework.security.web.session.DisableEncodeUrlFilter.doFilterInternal(DisableEncodeUrlFilter.java:42)
	at org.springframework.web.filter.OncePerRequestFilter.doFilter(OncePerRequestFilter.java:116)
	at org.springframework.security.web.FilterChainProxy$VirtualFilterChain.doFilter(FilterChainProxy.java:374)
	at org.springframework.security.web.FilterChainProxy.doFilterInternal(FilterChainProxy.java:233)
	at org.springframework.security.web.FilterChainProxy.doFilter(FilterChainProxy.java:191)
	at org.springframework.web.filter.CompositeFilter$VirtualFilterChain.doFilter(CompositeFilter.java:113)
	at org.springframework.web.servlet.handler.HandlerMappingIntrospector.lambda$createCacheFilter$3(HandlerMappingIntrospector.java:243)
	at org.springframework.web.filter.CompositeFilter$VirtualFilterChain.doFilter(CompositeFilter.java:113)
	at org.springframework.web.filter.CompositeFilter.doFilter(CompositeFilter.java:74)
	at org.springframework.security.config.annotation.web.configuration.WebMvcSecurityConfiguration$CompositeFilterChainProxy.doFilter(WebMvcSecurityConfiguration.java:238)
	at org.springframework.web.filter.DelegatingFilterProxy.invokeDelegate(DelegatingFilterProxy.java:362)
	at org.springframework.web.filter.DelegatingFilterProxy.doFilter(DelegatingFilterProxy.java:278)
	at org.apache.catalina.core.ApplicationFilterChain.internalDoFilter(ApplicationFilterChain.java:164)
	at org.apache.catalina.core.ApplicationFilterChain.doFilter(ApplicationFilterChain.java:140)
	at org.springframework.web.filter.RequestContextFilter.doFilterInternal(RequestContextFilter.java:100)
	at org.springframework.web.filter.OncePerRequestFilter.doFilter(OncePerRequestFilter.java:116)
	at org.apache.catalina.core.ApplicationFilterChain.internalDoFilter(ApplicationFilterChain.java:164)
	at org.apache.catalina.core.ApplicationFilterChain.doFilter(ApplicationFilterChain.java:140)
	at org.springframework.web.filter.FormContentFilter.doFilterInternal(FormContentFilter.java:93)
	at org.springframework.web.filter.OncePerRequestFilter.doFilter(OncePerRequestFilter.java:116)
	at org.apache.catalina.core.ApplicationFilterChain.internalDoFilter(ApplicationFilterChain.java:164)
	at org.apache.catalina.core.ApplicationFilterChain.doFilter(ApplicationFilterChain.java:140)
	at org.springframework.web.filter.CharacterEncodingFilter.doFilterInternal(CharacterEncodingFilter.java:201)
	at org.springframework.web.filter.OncePerRequestFilter.doFilter(OncePerRequestFilter.java:116)
	at org.apache.catalina.core.ApplicationFilterChain.internalDoFilter(ApplicationFilterChain.java:164)
	at org.apache.catalina.core.ApplicationFilterChain.doFilter(ApplicationFilterChain.java:140)
	at org.apache.catalina.core.StandardWrapperValve.invoke(StandardWrapperValve.java:167)
	at org.apache.catalina.core.StandardContextValve.invoke(StandardContextValve.java:90)
	at org.apache.catalina.authenticator.AuthenticatorBase.invoke(AuthenticatorBase.java:483)
	at org.apache.catalina.core.StandardHostValve.invoke(StandardHostValve.java:116)
	at org.apache.catalina.valves.ErrorReportValve.invoke(ErrorReportValve.java:93)
	at org.apache.catalina.core.StandardEngineValve.invoke(StandardEngineValve.java:74)
	at org.apache.catalina.connector.CoyoteAdapter.service(CoyoteAdapter.java:344)
	at org.apache.coyote.http11.Http11Processor.service(Http11Processor.java:398)
	at org.apache.coyote.AbstractProcessorLight.process(AbstractProcessorLight.java:63)
	at org.apache.coyote.AbstractProtocol$ConnectionHandler.process(AbstractProtocol.java:903)
	at org.apache.tomcat.util.net.NioEndpoint$SocketProcessor.doRun(NioEndpoint.java:1740)
	at org.apache.tomcat.util.net.SocketProcessorBase.run(SocketProcessorBase.java:52)
	at org.apache.tomcat.util.threads.ThreadPoolExecutor.runWorker(ThreadPoolExecutor.java:1189)
	at org.apache.tomcat.util.threads.ThreadPoolExecutor$Worker.run(ThreadPoolExecutor.java:658)
	at org.apache.tomcat.util.threads.TaskThread$WrappingRunnable.run(TaskThread.java:63)
	at java.base/java.lang.Thread.run(Thread.java:1447)
2025-08-29 19:11:01 ERROR [http-nio-8002-exec-8] c.e.demo.security.JwtAuthEntryPoint - Unauthorized request - Full authentication is required to access this resource
2025-08-29 19:11:19 ERROR [http-nio-8002-exec-2] c.e.demo.security.JwtAuthEntryPoint - Unauthorized request - Full authentication is required to access this resource
2025-08-29 19:11:23 INFO  [http-nio-8002-exec-1] c.e.d.c.AuthenticationController - Attempting login for user: admin
2025-08-29 19:11:23 INFO  [http-nio-8002-exec-1] c.example.demo.service.UserService - Updated token validity timestamp for user 'admin'.
2025-08-29 19:11:23 INFO  [http-nio-8002-exec-1] c.e.d.c.AuthenticationController - Login successful for user: admin
2025-08-29 19:11:45 ERROR [http-nio-8002-exec-3] c.e.demo.security.JwtAuthEntryPoint - Unauthorized request - Full authentication is required to access this resource
2025-08-29 19:13:58 INFO  [SpringApplicationShutdownHook] o.s.b.w.e.tomcat.GracefulShutdown - Commencing graceful shutdown. Waiting for active requests to complete
2025-08-29 19:13:58 INFO  [tomcat-shutdown] o.s.b.w.e.tomcat.GracefulShutdown - Graceful shutdown complete
2025-08-29 19:13:58 INFO  [SpringApplicationShutdownHook] c.example.demo.service.UserService - Application is shutting down. Invalidating all user tokens...
2025-08-29 19:13:58 INFO  [SpringApplicationShutdownHook] c.example.demo.service.UserService - Successfully invalidated tokens for 5 users.
2025-08-29 19:14:02 INFO  [background-preinit] o.h.validator.internal.util.Version - HV000001: Hibernate Validator 8.0.2.Final
2025-08-29 19:14:02 INFO  [main] c.e.d.VehicleManagementSystemApplication - Starting VehicleManagementSystemApplication using Java 24.0.1 with PID 54349 (/Users/soenaykhant/eclipse_workspace/learning/vehicle_management_system/target/classes started by soenaykhant in /Users/soenaykhant/eclipse_workspace/learning/vehicle_management_system)
2025-08-29 19:14:02 INFO  [main] c.e.d.VehicleManagementSystemApplication - No active profile set, falling back to 1 default profile: "default"
2025-08-29 19:14:02 INFO  [main] o.s.d.r.c.RepositoryConfigurationDelegate - Multiple Spring Data modules found, entering strict repository configuration mode
2025-08-29 19:14:02 INFO  [main] o.s.d.r.c.RepositoryConfigurationDelegate - Bootstrapping Spring Data Redis repositories in DEFAULT mode.
2025-08-29 19:14:02 INFO  [main] o.s.d.r.c.RepositoryConfigurationDelegate - Finished Spring Data repository scanning in 9 ms. Found 0 Redis repository interfaces.
2025-08-29 19:14:02 INFO  [main] o.s.b.w.e.tomcat.TomcatWebServer - Tomcat initialized with port 8002 (http)
2025-08-29 19:14:02 INFO  [main] o.a.coyote.http11.Http11NioProtocol - Initializing ProtocolHandler ["http-nio-8002"]
2025-08-29 19:14:02 INFO  [main] o.a.catalina.core.StandardService - Starting service [Tomcat]
2025-08-29 19:14:02 INFO  [main] o.a.catalina.core.StandardEngine - Starting Servlet engine: [Apache Tomcat/10.1.40]
2025-08-29 19:14:02 INFO  [main] o.a.c.c.C.[Tomcat].[localhost].[/] - Initializing Spring embedded WebApplicationContext
2025-08-29 19:14:02 INFO  [main] o.s.b.w.s.c.ServletWebServerApplicationContext - Root WebApplicationContext: initialization completed in 672 ms
2025-08-29 19:14:03 INFO  [main] o.s.s.c.a.a.c.InitializeUserDetailsBeanManagerConfigurer$InitializeUserDetailsManagerConfigurer - Global AuthenticationManager configured with UserDetailsService bean with name userDetailsServiceImpl
2025-08-29 19:14:03 INFO  [main] o.a.coyote.http11.Http11NioProtocol - Starting ProtocolHandler ["http-nio-8002"]
2025-08-29 19:14:03 INFO  [main] o.s.b.w.e.tomcat.TomcatWebServer - Tomcat started on port 8002 (http) with context path '/'
2025-08-29 19:14:03 INFO  [main] c.e.d.VehicleManagementSystemApplication - Started VehicleManagementSystemApplication in 1.852 seconds (process running for 1.975)
2025-08-29 19:14:10 INFO  [http-nio-8002-exec-1] o.a.c.c.C.[Tomcat].[localhost].[/] - Initializing Spring DispatcherServlet 'dispatcherServlet'
2025-08-29 19:14:10 INFO  [http-nio-8002-exec-1] o.s.web.servlet.DispatcherServlet - Initializing Servlet 'dispatcherServlet'
2025-08-29 19:14:10 INFO  [http-nio-8002-exec-1] o.s.web.servlet.DispatcherServlet - Completed initialization in 0 ms
2025-08-29 19:14:10 ERROR [http-nio-8002-exec-1] c.e.demo.security.JwtAuthEntryPoint - Unauthorized request - Full authentication is required to access this resource
2025-08-29 19:14:15 INFO  [http-nio-8002-exec-4] c.e.d.c.AuthenticationController - Attempting login for user: admin
2025-08-29 19:14:15 INFO  [http-nio-8002-exec-4] c.e.d.c.AuthenticationController - Login successful for user: admin
2025-08-29 19:14:28 INFO  [http-nio-8002-exec-5] c.example.demo.service.UserService - Fetching all users from the database.
2025-08-29 19:14:52 INFO  [SpringApplicationShutdownHook] o.s.b.w.e.tomcat.GracefulShutdown - Commencing graceful shutdown. Waiting for active requests to complete
2025-08-29 19:14:52 INFO  [tomcat-shutdown] o.s.b.w.e.tomcat.GracefulShutdown - Graceful shutdown complete
2025-08-29 19:14:52 INFO  [SpringApplicationShutdownHook] c.example.demo.service.UserService - Application is shutting down. Invalidating all user tokens...
2025-08-29 19:14:52 INFO  [SpringApplicationShutdownHook] c.example.demo.service.UserService - Successfully invalidated tokens for 5 users.
2025-08-29 19:14:55 INFO  [background-preinit] o.h.validator.internal.util.Version - HV000001: Hibernate Validator 8.0.2.Final
2025-08-29 19:14:55 INFO  [main] c.e.d.VehicleManagementSystemApplication - Starting VehicleManagementSystemApplication using Java 24.0.1 with PID 54376 (/Users/soenaykhant/eclipse_workspace/learning/vehicle_management_system/target/classes started by soenaykhant in /Users/soenaykhant/eclipse_workspace/learning/vehicle_management_system)
2025-08-29 19:14:55 INFO  [main] c.e.d.VehicleManagementSystemApplication - No active profile set, falling back to 1 default profile: "default"
2025-08-29 19:14:55 INFO  [main] o.s.d.r.c.RepositoryConfigurationDelegate - Multiple Spring Data modules found, entering strict repository configuration mode
2025-08-29 19:14:55 INFO  [main] o.s.d.r.c.RepositoryConfigurationDelegate - Bootstrapping Spring Data Redis repositories in DEFAULT mode.
2025-08-29 19:14:55 INFO  [main] o.s.d.r.c.RepositoryConfigurationDelegate - Finished Spring Data repository scanning in 13 ms. Found 0 Redis repository interfaces.
2025-08-29 19:14:56 INFO  [main] o.s.b.w.e.tomcat.TomcatWebServer - Tomcat initialized with port 8002 (http)
2025-08-29 19:14:56 INFO  [main] o.a.coyote.http11.Http11NioProtocol - Initializing ProtocolHandler ["http-nio-8002"]
2025-08-29 19:14:56 INFO  [main] o.a.catalina.core.StandardService - Starting service [Tomcat]
2025-08-29 19:14:56 INFO  [main] o.a.catalina.core.StandardEngine - Starting Servlet engine: [Apache Tomcat/10.1.40]
2025-08-29 19:14:56 INFO  [main] o.a.c.c.C.[Tomcat].[localhost].[/] - Initializing Spring embedded WebApplicationContext
2025-08-29 19:14:56 INFO  [main] o.s.b.w.s.c.ServletWebServerApplicationContext - Root WebApplicationContext: initialization completed in 606 ms
2025-08-29 19:14:56 INFO  [main] o.s.s.c.a.a.c.InitializeUserDetailsBeanManagerConfigurer$InitializeUserDetailsManagerConfigurer - Global AuthenticationManager configured with UserDetailsService bean with name userDetailsServiceImpl
2025-08-29 19:14:56 INFO  [main] o.a.coyote.http11.Http11NioProtocol - Starting ProtocolHandler ["http-nio-8002"]
2025-08-29 19:14:56 INFO  [main] o.s.b.w.e.tomcat.TomcatWebServer - Tomcat started on port 8002 (http) with context path '/'
2025-08-29 19:14:56 INFO  [main] c.e.d.VehicleManagementSystemApplication - Started VehicleManagementSystemApplication in 1.702 seconds (process running for 1.821)
2025-08-29 19:15:01 INFO  [http-nio-8002-exec-3] o.a.c.c.C.[Tomcat].[localhost].[/] - Initializing Spring DispatcherServlet 'dispatcherServlet'
2025-08-29 19:15:01 INFO  [http-nio-8002-exec-3] o.s.web.servlet.DispatcherServlet - Initializing Servlet 'dispatcherServlet'
2025-08-29 19:15:01 INFO  [http-nio-8002-exec-3] o.s.web.servlet.DispatcherServlet - Completed initialization in 1 ms
2025-08-29 19:15:01 ERROR [http-nio-8002-exec-3] c.e.demo.security.JwtAuthEntryPoint - Unauthorized request - Full authentication is required to access this resource
2025-08-29 19:15:04 ERROR [http-nio-8002-exec-4] c.e.demo.security.JwtAuthEntryPoint - Unauthorized request - Full authentication is required to access this resource
2025-08-29 19:16:58 INFO  [SpringApplicationShutdownHook] o.s.b.w.e.tomcat.GracefulShutdown - Commencing graceful shutdown. Waiting for active requests to complete
2025-08-29 19:16:58 INFO  [tomcat-shutdown] o.s.b.w.e.tomcat.GracefulShutdown - Graceful shutdown complete
2025-08-29 19:16:58 INFO  [SpringApplicationShutdownHook] c.example.demo.service.UserService - Application is shutting down. Invalidating all user tokens...
2025-08-29 19:16:58 INFO  [SpringApplicationShutdownHook] c.example.demo.service.UserService - Successfully invalidated tokens for 5 users.
2025-08-29 19:17:10 INFO  [background-preinit] o.h.validator.internal.util.Version - HV000001: Hibernate Validator 8.0.2.Final
2025-08-29 19:17:10 INFO  [main] c.e.d.VehicleManagementSystemApplication - Starting VehicleManagementSystemApplication using Java 24.0.1 with PID 54421 (/Users/soenaykhant/eclipse_workspace/learning/vehicle_management_system/target/classes started by soenaykhant in /Users/soenaykhant/eclipse_workspace/learning/vehicle_management_system)
2025-08-29 19:17:10 INFO  [main] c.e.d.VehicleManagementSystemApplication - No active profile set, falling back to 1 default profile: "default"
2025-08-29 19:17:11 INFO  [main] o.s.d.r.c.RepositoryConfigurationDelegate - Multiple Spring Data modules found, entering strict repository configuration mode
2025-08-29 19:17:11 INFO  [main] o.s.d.r.c.RepositoryConfigurationDelegate - Bootstrapping Spring Data Redis repositories in DEFAULT mode.
2025-08-29 19:17:11 INFO  [main] o.s.d.r.c.RepositoryConfigurationDelegate - Finished Spring Data repository scanning in 9 ms. Found 0 Redis repository interfaces.
2025-08-29 19:17:11 INFO  [main] o.s.b.w.e.tomcat.TomcatWebServer - Tomcat initialized with port 8002 (http)
2025-08-29 19:17:11 INFO  [main] o.a.coyote.http11.Http11NioProtocol - Initializing ProtocolHandler ["http-nio-8002"]
2025-08-29 19:17:11 INFO  [main] o.a.catalina.core.StandardService - Starting service [Tomcat]
2025-08-29 19:17:11 INFO  [main] o.a.catalina.core.StandardEngine - Starting Servlet engine: [Apache Tomcat/10.1.40]
2025-08-29 19:17:11 INFO  [main] o.a.c.c.C.[Tomcat].[localhost].[/] - Initializing Spring embedded WebApplicationContext
2025-08-29 19:17:11 INFO  [main] o.s.b.w.s.c.ServletWebServerApplicationContext - Root WebApplicationContext: initialization completed in 648 ms
2025-08-29 19:17:11 INFO  [main] o.s.s.c.a.a.c.InitializeUserDetailsBeanManagerConfigurer$InitializeUserDetailsManagerConfigurer - Global AuthenticationManager configured with UserDetailsService bean with name userDetailsServiceImpl
2025-08-29 19:17:12 INFO  [main] o.a.coyote.http11.Http11NioProtocol - Starting ProtocolHandler ["http-nio-8002"]
2025-08-29 19:17:12 INFO  [main] o.s.b.w.e.tomcat.TomcatWebServer - Tomcat started on port 8002 (http) with context path '/'
2025-08-29 19:17:12 INFO  [main] c.e.d.VehicleManagementSystemApplication - Started VehicleManagementSystemApplication in 1.837 seconds (process running for 1.954)
2025-08-29 19:17:17 INFO  [http-nio-8002-exec-2] o.a.c.c.C.[Tomcat].[localhost].[/] - Initializing Spring DispatcherServlet 'dispatcherServlet'
2025-08-29 19:17:17 INFO  [http-nio-8002-exec-2] o.s.web.servlet.DispatcherServlet - Initializing Servlet 'dispatcherServlet'
2025-08-29 19:17:17 INFO  [http-nio-8002-exec-2] o.s.web.servlet.DispatcherServlet - Completed initialization in 1 ms
2025-08-29 19:17:17 ERROR [http-nio-8002-exec-2] c.e.demo.security.JwtAuthEntryPoint - Unauthorized request - Full authentication is required to access this resource
2025-08-29 19:17:22 INFO  [http-nio-8002-exec-3] c.e.d.c.AuthenticationController - Attempting login for user: admin
2025-08-29 19:17:22 INFO  [http-nio-8002-exec-3] c.e.d.c.AuthenticationController - Login successful for user: admin
2025-08-29 19:17:39 INFO  [http-nio-8002-exec-5] c.example.demo.service.UserService - Fetching all users from the database.
2025-08-29 19:17:46 INFO  [SpringApplicationShutdownHook] o.s.b.w.e.tomcat.GracefulShutdown - Commencing graceful shutdown. Waiting for active requests to complete
2025-08-29 19:17:46 INFO  [tomcat-shutdown] o.s.b.w.e.tomcat.GracefulShutdown - Graceful shutdown complete
2025-08-29 19:17:46 INFO  [SpringApplicationShutdownHook] c.example.demo.service.UserService - Application is shutting down. Invalidating all user tokens...
2025-08-29 19:17:46 INFO  [SpringApplicationShutdownHook] c.example.demo.service.UserService - Successfully invalidated tokens for 5 users.
2025-08-29 19:18:19 INFO  [background-preinit] o.h.validator.internal.util.Version - HV000001: Hibernate Validator 8.0.2.Final
2025-08-29 19:18:19 INFO  [main] c.e.d.VehicleManagementSystemApplication - Starting VehicleManagementSystemApplication using Java 24.0.1 with PID 54444 (/Users/soenaykhant/eclipse_workspace/learning/vehicle_management_system/target/classes started by soenaykhant in /Users/soenaykhant/eclipse_workspace/learning/vehicle_management_system)
2025-08-29 19:18:19 INFO  [main] c.e.d.VehicleManagementSystemApplication - No active profile set, falling back to 1 default profile: "default"
2025-08-29 19:18:19 INFO  [main] o.s.d.r.c.RepositoryConfigurationDelegate - Multiple Spring Data modules found, entering strict repository configuration mode
2025-08-29 19:18:19 INFO  [main] o.s.d.r.c.RepositoryConfigurationDelegate - Bootstrapping Spring Data Redis repositories in DEFAULT mode.
2025-08-29 19:18:19 INFO  [main] o.s.d.r.c.RepositoryConfigurationDelegate - Finished Spring Data repository scanning in 10 ms. Found 0 Redis repository interfaces.
2025-08-29 19:18:19 INFO  [main] o.s.b.w.e.tomcat.TomcatWebServer - Tomcat initialized with port 8002 (http)
2025-08-29 19:18:19 INFO  [main] o.a.coyote.http11.Http11NioProtocol - Initializing ProtocolHandler ["http-nio-8002"]
2025-08-29 19:18:19 INFO  [main] o.a.catalina.core.StandardService - Starting service [Tomcat]
2025-08-29 19:18:19 INFO  [main] o.a.catalina.core.StandardEngine - Starting Servlet engine: [Apache Tomcat/10.1.40]
2025-08-29 19:18:19 INFO  [main] o.a.c.c.C.[Tomcat].[localhost].[/] - Initializing Spring embedded WebApplicationContext
2025-08-29 19:18:19 INFO  [main] o.s.b.w.s.c.ServletWebServerApplicationContext - Root WebApplicationContext: initialization completed in 644 ms
2025-08-29 19:18:20 INFO  [main] o.s.s.c.a.a.c.InitializeUserDetailsBeanManagerConfigurer$InitializeUserDetailsManagerConfigurer - Global AuthenticationManager configured with UserDetailsService bean with name userDetailsServiceImpl
2025-08-29 19:18:20 INFO  [main] o.a.coyote.http11.Http11NioProtocol - Starting ProtocolHandler ["http-nio-8002"]
2025-08-29 19:18:20 INFO  [main] o.s.b.w.e.tomcat.TomcatWebServer - Tomcat started on port 8002 (http) with context path '/'
2025-08-29 19:18:20 INFO  [main] c.e.d.VehicleManagementSystemApplication - Started VehicleManagementSystemApplication in 1.787 seconds (process running for 1.954)
2025-08-29 19:18:33 INFO  [http-nio-8002-exec-1] o.a.c.c.C.[Tomcat].[localhost].[/] - Initializing Spring DispatcherServlet 'dispatcherServlet'
2025-08-29 19:18:33 INFO  [http-nio-8002-exec-1] o.s.web.servlet.DispatcherServlet - Initializing Servlet 'dispatcherServlet'
2025-08-29 19:18:33 INFO  [http-nio-8002-exec-1] o.s.web.servlet.DispatcherServlet - Completed initialization in 0 ms
2025-08-29 19:18:33 ERROR [http-nio-8002-exec-1] c.e.demo.security.JwtAuthEntryPoint - Unauthorized request - Full authentication is required to access this resource
2025-08-29 19:18:54 INFO  [http-nio-8002-exec-3] c.e.d.c.AuthenticationController - Attempting login for user: admin
2025-08-29 19:18:54 INFO  [http-nio-8002-exec-3] c.e.d.c.AuthenticationController - Login successful for user: admin
2025-08-29 19:19:11 INFO  [http-nio-8002-exec-4] c.example.demo.service.UserService - Fetching all users from the database.
2025-08-29 19:19:23 INFO  [http-nio-8002-exec-7] c.example.demo.service.UserService - User admin logged out. All tokens issued before 2025-08-29T12:19:23.445510Z are now invalid.
2025-08-29 19:19:27 ERROR [http-nio-8002-exec-8] c.e.demo.security.JwtAuthEntryPoint - Unauthorized request - Full authentication is required to access this resource
2025-08-29 19:25:54 INFO  [SpringApplicationShutdownHook] o.s.b.w.e.tomcat.GracefulShutdown - Commencing graceful shutdown. Waiting for active requests to complete
2025-08-29 19:25:54 INFO  [tomcat-shutdown] o.s.b.w.e.tomcat.GracefulShutdown - Graceful shutdown complete
2025-08-29 19:25:54 INFO  [SpringApplicationShutdownHook] c.example.demo.service.UserService - Application is shutting down. Invalidating all user tokens...
2025-08-29 19:25:54 INFO  [SpringApplicationShutdownHook] c.example.demo.service.UserService - Successfully invalidated tokens for 5 users.
2025-08-29 19:26:22 INFO  [background-preinit] o.h.validator.internal.util.Version - HV000001: Hibernate Validator 8.0.2.Final
2025-08-29 19:26:22 INFO  [main] c.e.d.VehicleManagementSystemApplication - Starting VehicleManagementSystemApplication using Java 24.0.1 with PID 55037 (/Users/soenaykhant/eclipse_workspace/learning/vehicle_management_system/target/classes started by soenaykhant in /Users/soenaykhant/eclipse_workspace/learning/vehicle_management_system)
2025-08-29 19:26:22 INFO  [main] c.e.d.VehicleManagementSystemApplication - No active profile set, falling back to 1 default profile: "default"
2025-08-29 19:26:22 INFO  [main] o.s.d.r.c.RepositoryConfigurationDelegate - Multiple Spring Data modules found, entering strict repository configuration mode
2025-08-29 19:26:22 INFO  [main] o.s.d.r.c.RepositoryConfigurationDelegate - Bootstrapping Spring Data Redis repositories in DEFAULT mode.
2025-08-29 19:26:22 INFO  [main] o.s.d.r.c.RepositoryConfigurationDelegate - Finished Spring Data repository scanning in 11 ms. Found 0 Redis repository interfaces.
2025-08-29 19:26:22 INFO  [main] o.s.b.w.e.tomcat.TomcatWebServer - Tomcat initialized with port 8002 (http)
2025-08-29 19:26:22 INFO  [main] o.a.coyote.http11.Http11NioProtocol - Initializing ProtocolHandler ["http-nio-8002"]
2025-08-29 19:26:22 INFO  [main] o.a.catalina.core.StandardService - Starting service [Tomcat]
2025-08-29 19:26:22 INFO  [main] o.a.catalina.core.StandardEngine - Starting Servlet engine: [Apache Tomcat/10.1.40]
2025-08-29 19:26:22 INFO  [main] o.a.c.c.C.[Tomcat].[localhost].[/] - Initializing Spring embedded WebApplicationContext
2025-08-29 19:26:22 INFO  [main] o.s.b.w.s.c.ServletWebServerApplicationContext - Root WebApplicationContext: initialization completed in 697 ms
2025-08-29 19:26:23 INFO  [main] o.s.s.c.a.a.c.InitializeUserDetailsBeanManagerConfigurer$InitializeUserDetailsManagerConfigurer - Global AuthenticationManager configured with UserDetailsService bean with name userDetailsServiceImpl
2025-08-29 19:26:23 INFO  [main] o.a.coyote.http11.Http11NioProtocol - Starting ProtocolHandler ["http-nio-8002"]
2025-08-29 19:26:23 INFO  [main] o.s.b.w.e.tomcat.TomcatWebServer - Tomcat started on port 8002 (http) with context path '/'
2025-08-29 19:26:23 INFO  [main] c.e.d.VehicleManagementSystemApplication - Started VehicleManagementSystemApplication in 1.9 seconds (process running for 2.035)
2025-08-29 19:26:29 INFO  [http-nio-8002-exec-1] o.a.c.c.C.[Tomcat].[localhost].[/] - Initializing Spring DispatcherServlet 'dispatcherServlet'
2025-08-29 19:26:29 INFO  [http-nio-8002-exec-1] o.s.web.servlet.DispatcherServlet - Initializing Servlet 'dispatcherServlet'
2025-08-29 19:26:29 INFO  [http-nio-8002-exec-1] o.s.web.servlet.DispatcherServlet - Completed initialization in 0 ms
2025-08-29 19:26:29 ERROR [http-nio-8002-exec-1] c.e.demo.security.JwtAuthEntryPoint - Unauthorized request - Full authentication is required to access this resource
2025-08-29 19:26:34 INFO  [http-nio-8002-exec-3] c.e.d.c.AuthenticationController - Attempting login for user: admin
2025-08-29 19:26:34 INFO  [http-nio-8002-exec-3] c.example.demo.service.UserService - Updated token validity timestamp for user 'admin'.
2025-08-29 19:26:34 INFO  [http-nio-8002-exec-3] c.e.d.c.AuthenticationController - Login successful for user: admin
2025-08-29 19:26:49 ERROR [http-nio-8002-exec-4] c.e.demo.security.JwtAuthEntryPoint - Unauthorized request - Full authentication is required to access this resource
2025-08-29 19:47:18 INFO  [SpringApplicationShutdownHook] o.s.b.w.e.tomcat.GracefulShutdown - Commencing graceful shutdown. Waiting for active requests to complete
2025-08-29 19:47:18 INFO  [tomcat-shutdown] o.s.b.w.e.tomcat.GracefulShutdown - Graceful shutdown complete
2025-08-29 19:47:18 INFO  [SpringApplicationShutdownHook] c.example.demo.service.UserService - Application is shutting down. Invalidating all user tokens...
2025-08-29 19:47:18 INFO  [SpringApplicationShutdownHook] c.example.demo.service.UserService - Successfully invalidated tokens for 5 users.
