2025-09-03 00:15:13 INFO  [background-preinit] o.h.validator.internal.util.Version - HV000001: Hibernate Validator 8.0.2.Final
2025-09-03 00:15:13 INFO  [main] c.e.d.VehicleManagementSystemApplication - Starting VehicleManagementSystemApplication using Java 24.0.1 with PID 26197 (/Users/soenaykhant/eclipse_workspace/learning/vehicle_management_system/target/classes started by soenaykhant in /Users/soenaykhant/eclipse_workspace/learning/vehicle_management_system)
2025-09-03 00:15:13 INFO  [main] c.e.d.VehicleManagementSystemApplication - No active profile set, falling back to 1 default profile: "default"
2025-09-03 00:15:13 INFO  [main] o.s.d.r.c.RepositoryConfigurationDelegate - Multiple Spring Data modules found, entering strict repository configuration mode
2025-09-03 00:15:13 INFO  [main] o.s.d.r.c.RepositoryConfigurationDelegate - Bootstrapping Spring Data Redis repositories in DEFAULT mode.
2025-09-03 00:15:13 INFO  [main] o.s.d.r.c.RepositoryConfigurationDelegate - Finished Spring Data repository scanning in 9 ms. Found 0 Redis repository interfaces.
2025-09-03 00:15:13 INFO  [main] o.s.b.w.e.tomcat.TomcatWebServer - Tomcat initialized with port 8002 (http)
2025-09-03 00:15:13 INFO  [main] o.a.coyote.http11.Http11NioProtocol - Initializing ProtocolHandler ["http-nio-8002"]
2025-09-03 00:15:13 INFO  [main] o.a.catalina.core.StandardService - Starting service [Tomcat]
2025-09-03 00:15:13 INFO  [main] o.a.catalina.core.StandardEngine - Starting Servlet engine: [Apache Tomcat/10.1.40]
2025-09-03 00:15:13 INFO  [main] o.a.c.c.C.[Tomcat].[localhost].[/] - Initializing Spring embedded WebApplicationContext
2025-09-03 00:15:13 INFO  [main] o.s.b.w.s.c.ServletWebServerApplicationContext - Root WebApplicationContext: initialization completed in 676 ms
2025-09-03 00:15:14 INFO  [main] o.s.s.c.a.a.c.InitializeUserDetailsBeanManagerConfigurer$InitializeUserDetailsManagerConfigurer - Global AuthenticationManager configured with UserDetailsService bean with name userDetailsServiceImpl
2025-09-03 00:15:14 INFO  [main] c.e.demo.service.MetricsService - Checking metrics counters initialization...
2025-09-03 00:15:14 INFO  [main] c.e.demo.service.MetricsService - Metrics counters are ready.
2025-09-03 00:15:14 INFO  [main] o.a.coyote.http11.Http11NioProtocol - Starting ProtocolHandler ["http-nio-8002"]
2025-09-03 00:15:14 INFO  [main] o.s.b.w.e.tomcat.TomcatWebServer - Tomcat started on port 8002 (http) with context path '/'
2025-09-03 00:15:14 INFO  [main] c.e.d.VehicleManagementSystemApplication - Started VehicleManagementSystemApplication in 2.02 seconds (process running for 2.168)
2025-09-03 00:15:22 INFO  [http-nio-8002-exec-4] o.a.c.c.C.[Tomcat].[localhost].[/] - Initializing Spring DispatcherServlet 'dispatcherServlet'
2025-09-03 00:15:22 INFO  [http-nio-8002-exec-4] o.s.web.servlet.DispatcherServlet - Initializing Servlet 'dispatcherServlet'
2025-09-03 00:15:22 INFO  [http-nio-8002-exec-4] o.s.web.servlet.DispatcherServlet - Completed initialization in 1 ms
2025-09-03 00:15:22 INFO  [http-nio-8002-exec-4] c.e.d.c.AuthenticationController - Attempting login for user: admin
2025-09-03 00:15:22 INFO  [http-nio-8002-exec-4] c.e.d.c.AuthenticationController - Login successful for user: admin
2025-09-03 00:15:35 INFO  [http-nio-8002-exec-2] c.example.demo.config.LoggingCache - [CACHE MISS] cache='cars' key='SimpleKey []' (userId=USER_dccccbfd-ff54-4f3c-9db0-c1061996c332_1755097285926 username='admin')
2025-09-03 00:15:35 INFO  [http-nio-8002-exec-2] c.example.demo.config.LoggingCache - [CACHE PUT] cache='cars' key='SimpleKey []' (userId=USER_dccccbfd-ff54-4f3c-9db0-c1061996c332_1755097285926 username='admin')
2025-09-03 00:15:43 INFO  [http-nio-8002-exec-3] c.example.demo.config.LoggingCache - [CACHE MISS] cache='users' key='SimpleKey []' (userId=USER_dccccbfd-ff54-4f3c-9db0-c1061996c332_1755097285926 username='admin')
2025-09-03 00:15:43 INFO  [http-nio-8002-exec-3] c.example.demo.service.UserService - Fetching all users from the database.
2025-09-03 00:15:43 INFO  [http-nio-8002-exec-3] c.example.demo.config.LoggingCache - [CACHE PUT] cache='users' key='SimpleKey []' (userId=USER_dccccbfd-ff54-4f3c-9db0-c1061996c332_1755097285926 username='admin')
2025-09-03 00:15:52 INFO  [http-nio-8002-exec-5] c.example.demo.config.LoggingCache - [CACHE MISS] cache='car' key='CAR_6f8297d3-a24e-4a4b-bc5a-6557b2cf74fd_1751901165603' (userId=USER_dccccbfd-ff54-4f3c-9db0-c1061996c332_1755097285926 username='admin')
2025-09-03 00:15:52 INFO  [http-nio-8002-exec-5] c.example.demo.config.LoggingCache - [CACHE PUT] cache='car' key='CAR_6f8297d3-a24e-4a4b-bc5a-6557b2cf74fd_1751901165603' (userId=USER_dccccbfd-ff54-4f3c-9db0-c1061996c332_1755097285926 username='admin')
2025-09-03 00:16:05 INFO  [http-nio-8002-exec-6] c.example.demo.config.LoggingCache - [CACHE MISS] cache='user' key='USER_d15a9e9f-c8c4-486a-97e6-2a90e9c3641a_1756462986691' (userId=USER_dccccbfd-ff54-4f3c-9db0-c1061996c332_1755097285926 username='admin')
2025-09-03 00:16:05 INFO  [http-nio-8002-exec-6] c.example.demo.service.UserService - Fetching user with ID: USER_d15a9e9f-c8c4-486a-97e6-2a90e9c3641a_1756462986691
2025-09-03 00:16:05 INFO  [http-nio-8002-exec-6] c.example.demo.config.LoggingCache - [CACHE PUT] cache='user' key='USER_d15a9e9f-c8c4-486a-97e6-2a90e9c3641a_1756462986691' (userId=USER_dccccbfd-ff54-4f3c-9db0-c1061996c332_1755097285926 username='admin')
2025-09-03 00:16:14 INFO  [scheduling-1] c.e.demo.task.SystemReportTasks - --- [SYSTEM REPORT TASK STARTED] ---
2025-09-03 00:16:14 INFO  [scheduling-1] c.e.demo.task.SystemReportTasks - VMS System Report: Total Users = 5, Total Cars = 14
2025-09-03 00:16:14 INFO  [scheduling-1] c.e.demo.task.SystemReportTasks - --- [SYSTEM REPORT TASK FINISHED] ---
2025-09-03 00:21:14 INFO  [scheduling-1] c.e.demo.task.SystemReportTasks - --- [SYSTEM REPORT TASK STARTED] ---
2025-09-03 00:21:14 INFO  [scheduling-1] c.e.demo.task.SystemReportTasks - VMS System Report: Total Users = 5, Total Cars = 14
2025-09-03 00:21:14 INFO  [scheduling-1] c.e.demo.task.SystemReportTasks - --- [SYSTEM REPORT TASK FINISHED] ---
2025-09-03 00:23:52 INFO  [SpringApplicationShutdownHook] o.s.b.w.e.tomcat.GracefulShutdown - Commencing graceful shutdown. Waiting for active requests to complete
2025-09-03 00:23:52 INFO  [tomcat-shutdown] o.s.b.w.e.tomcat.GracefulShutdown - Graceful shutdown complete
2025-09-03 00:23:52 INFO  [SpringApplicationShutdownHook] c.example.demo.service.UserService - Application is shutting down. Invalidating all user tokens...
2025-09-03 00:23:52 INFO  [SpringApplicationShutdownHook] c.example.demo.service.UserService - Successfully invalidated tokens for 5 users.
2025-09-03 00:24:11 INFO  [background-preinit] o.h.validator.internal.util.Version - HV000001: Hibernate Validator 8.0.2.Final
2025-09-03 00:24:11 INFO  [main] c.e.d.VehicleManagementSystemApplication - Starting VehicleManagementSystemApplication using Java 24.0.1 with PID 26451 (/Users/soenaykhant/eclipse_workspace/learning/vehicle_management_system/target/classes started by soenaykhant in /Users/soenaykhant/eclipse_workspace/learning/vehicle_management_system)
2025-09-03 00:24:11 INFO  [main] c.e.d.VehicleManagementSystemApplication - No active profile set, falling back to 1 default profile: "default"
2025-09-03 00:24:11 INFO  [main] o.s.d.r.c.RepositoryConfigurationDelegate - Multiple Spring Data modules found, entering strict repository configuration mode
2025-09-03 00:24:11 INFO  [main] o.s.d.r.c.RepositoryConfigurationDelegate - Bootstrapping Spring Data Redis repositories in DEFAULT mode.
2025-09-03 00:24:11 INFO  [main] o.s.d.r.c.RepositoryConfigurationDelegate - Finished Spring Data repository scanning in 9 ms. Found 0 Redis repository interfaces.
2025-09-03 00:24:12 INFO  [main] o.s.b.w.e.tomcat.TomcatWebServer - Tomcat initialized with port 8002 (http)
2025-09-03 00:24:12 INFO  [main] o.a.coyote.http11.Http11NioProtocol - Initializing ProtocolHandler ["http-nio-8002"]
2025-09-03 00:24:12 INFO  [main] o.a.catalina.core.StandardService - Starting service [Tomcat]
2025-09-03 00:24:12 INFO  [main] o.a.catalina.core.StandardEngine - Starting Servlet engine: [Apache Tomcat/10.1.40]
2025-09-03 00:24:12 INFO  [main] o.a.c.c.C.[Tomcat].[localhost].[/] - Initializing Spring embedded WebApplicationContext
2025-09-03 00:24:12 INFO  [main] o.s.b.w.s.c.ServletWebServerApplicationContext - Root WebApplicationContext: initialization completed in 641 ms
2025-09-03 00:24:12 INFO  [main] o.s.s.c.a.a.c.InitializeUserDetailsBeanManagerConfigurer$InitializeUserDetailsManagerConfigurer - Global AuthenticationManager configured with UserDetailsService bean with name userDetailsServiceImpl
2025-09-03 00:24:12 INFO  [main] c.e.demo.service.MetricsService - Checking metrics counters initialization...
2025-09-03 00:24:12 INFO  [main] c.e.demo.service.MetricsService - Metrics counters are ready.
2025-09-03 00:24:13 INFO  [main] o.a.coyote.http11.Http11NioProtocol - Starting ProtocolHandler ["http-nio-8002"]
2025-09-03 00:24:13 INFO  [main] o.s.b.w.e.tomcat.TomcatWebServer - Tomcat started on port 8002 (http) with context path '/'
2025-09-03 00:24:13 INFO  [main] c.e.d.VehicleManagementSystemApplication - Started VehicleManagementSystemApplication in 1.947 seconds (process running for 2.079)
2025-09-03 00:25:13 INFO  [scheduling-1] c.e.demo.task.SystemReportTasks - --- [SYSTEM REPORT TASK STARTED] ---
2025-09-03 00:25:13 INFO  [scheduling-1] c.e.demo.task.SystemReportTasks - VMS System Report: Total Users = 5, Total Cars = 14
2025-09-03 00:25:13 INFO  [scheduling-1] c.e.demo.task.SystemReportTasks - --- [SYSTEM REPORT TASK FINISHED] ---
2025-09-03 00:25:14 INFO  [http-nio-8002-exec-1] o.a.c.c.C.[Tomcat].[localhost].[/] - Initializing Spring DispatcherServlet 'dispatcherServlet'
2025-09-03 00:25:14 INFO  [http-nio-8002-exec-1] o.s.web.servlet.DispatcherServlet - Initializing Servlet 'dispatcherServlet'
2025-09-03 00:25:14 INFO  [http-nio-8002-exec-1] o.s.web.servlet.DispatcherServlet - Completed initialization in 1 ms
2025-09-03 00:25:14 INFO  [http-nio-8002-exec-1] c.e.d.c.AuthenticationController - Attempting login for user: admin
2025-09-03 00:25:14 INFO  [http-nio-8002-exec-1] c.e.d.c.AuthenticationController - Login successful for user: admin
2025-09-03 00:25:33 INFO  [http-nio-8002-exec-3] c.example.demo.config.LoggingCache - [CACHE HIT] cache='cars' key='SimpleKey []' (userId=USER_dccccbfd-ff54-4f3c-9db0-c1061996c332_1755097285926 username='admin')
2025-09-03 00:25:44 INFO  [http-nio-8002-exec-4] c.example.demo.config.LoggingCache - [CACHE HIT] cache='car' key='CAR_6f8297d3-a24e-4a4b-bc5a-6557b2cf74fd_1751901165603' (userId=USER_dccccbfd-ff54-4f3c-9db0-c1061996c332_1755097285926 username='admin')
2025-09-03 00:25:53 INFO  [http-nio-8002-exec-5] c.example.demo.config.LoggingCache - [CACHE MISS] cache='users' key='SimpleKey []' (userId=USER_dccccbfd-ff54-4f3c-9db0-c1061996c332_1755097285926 username='admin')
2025-09-03 00:25:53 INFO  [http-nio-8002-exec-5] c.example.demo.service.UserService - Fetching all users from the database.
2025-09-03 00:25:53 INFO  [http-nio-8002-exec-5] c.example.demo.config.LoggingCache - [CACHE PUT] cache='users' key='SimpleKey []' (userId=USER_dccccbfd-ff54-4f3c-9db0-c1061996c332_1755097285926 username='admin')
2025-09-03 00:26:02 INFO  [http-nio-8002-exec-6] c.example.demo.config.LoggingCache - [CACHE HIT] cache='user' key='USER_d15a9e9f-c8c4-486a-97e6-2a90e9c3641a_1756462986691' (userId=USER_dccccbfd-ff54-4f3c-9db0-c1061996c332_1755097285926 username='admin')
2025-09-03 00:26:27 INFO  [http-nio-8002-exec-7] c.example.demo.config.LoggingCache - [CACHE MISS] cache='cars' key='SimpleKey []' (userId=USER_dccccbfd-ff54-4f3c-9db0-c1061996c332_1755097285926 username='admin')
2025-09-03 00:26:27 INFO  [http-nio-8002-exec-7] c.example.demo.config.LoggingCache - [CACHE PUT] cache='cars' key='SimpleKey []' (userId=USER_dccccbfd-ff54-4f3c-9db0-c1061996c332_1755097285926 username='admin')
2025-09-03 00:30:13 INFO  [scheduling-1] c.e.demo.task.SystemReportTasks - --- [SYSTEM REPORT TASK STARTED] ---
2025-09-03 00:30:13 INFO  [scheduling-1] c.e.demo.task.SystemReportTasks - VMS System Report: Total Users = 5, Total Cars = 14
2025-09-03 00:30:13 INFO  [scheduling-1] c.e.demo.task.SystemReportTasks - --- [SYSTEM REPORT TASK FINISHED] ---
2025-09-03 00:40:48 INFO  [SpringApplicationShutdownHook] o.s.b.w.e.tomcat.GracefulShutdown - Commencing graceful shutdown. Waiting for active requests to complete
2025-09-03 00:40:48 INFO  [tomcat-shutdown] o.s.b.w.e.tomcat.GracefulShutdown - Graceful shutdown complete
2025-09-03 00:40:48 INFO  [SpringApplicationShutdownHook] c.example.demo.service.UserService - Application is shutting down. Invalidating all user tokens...
2025-09-03 00:40:48 INFO  [SpringApplicationShutdownHook] c.example.demo.service.UserService - Successfully invalidated tokens for 5 users.
2025-09-03 00:41:45 INFO  [background-preinit] o.h.validator.internal.util.Version - HV000001: Hibernate Validator 8.0.2.Final
2025-09-03 00:41:45 INFO  [main] c.e.d.VehicleManagementSystemApplication - Starting VehicleManagementSystemApplication using Java 24.0.1 with PID 26734 (/Users/soenaykhant/eclipse_workspace/learning/vehicle_management_system/target/classes started by soenaykhant in /Users/soenaykhant/eclipse_workspace/learning/vehicle_management_system)
2025-09-03 00:41:45 INFO  [main] c.e.d.VehicleManagementSystemApplication - No active profile set, falling back to 1 default profile: "default"
2025-09-03 00:41:45 INFO  [main] o.s.d.r.c.RepositoryConfigurationDelegate - Multiple Spring Data modules found, entering strict repository configuration mode
2025-09-03 00:41:45 INFO  [main] o.s.d.r.c.RepositoryConfigurationDelegate - Bootstrapping Spring Data Redis repositories in DEFAULT mode.
2025-09-03 00:41:45 INFO  [main] o.s.d.r.c.RepositoryConfigurationDelegate - Finished Spring Data repository scanning in 10 ms. Found 0 Redis repository interfaces.
2025-09-03 00:41:45 INFO  [main] o.s.b.w.e.tomcat.TomcatWebServer - Tomcat initialized with port 8002 (http)
2025-09-03 00:41:45 INFO  [main] o.a.coyote.http11.Http11NioProtocol - Initializing ProtocolHandler ["http-nio-8002"]
2025-09-03 00:41:45 INFO  [main] o.a.catalina.core.StandardService - Starting service [Tomcat]
2025-09-03 00:41:45 INFO  [main] o.a.catalina.core.StandardEngine - Starting Servlet engine: [Apache Tomcat/10.1.40]
2025-09-03 00:41:45 INFO  [main] o.a.c.c.C.[Tomcat].[localhost].[/] - Initializing Spring embedded WebApplicationContext
2025-09-03 00:41:45 INFO  [main] o.s.b.w.s.c.ServletWebServerApplicationContext - Root WebApplicationContext: initialization completed in 682 ms
2025-09-03 00:41:46 INFO  [main] o.s.s.c.a.a.c.InitializeUserDetailsBeanManagerConfigurer$InitializeUserDetailsManagerConfigurer - Global AuthenticationManager configured with UserDetailsService bean with name userDetailsServiceImpl
2025-09-03 00:41:46 INFO  [main] c.e.demo.service.MetricsService - Checking metrics counters initialization...
2025-09-03 00:41:46 WARN  [main] c.e.demo.service.MetricsService - User count key not found in Redis. Initializing from database...
2025-09-03 00:41:46 INFO  [main] c.e.demo.service.MetricsService - Initialized user count to: 5
2025-09-03 00:41:46 WARN  [main] c.e.demo.service.MetricsService - Car count key not found in Redis. Initializing from database...
2025-09-03 00:41:46 INFO  [main] c.e.demo.service.MetricsService - Initialized car count to: 14
2025-09-03 00:41:46 INFO  [main] c.e.demo.service.MetricsService - Metrics counters are ready.
2025-09-03 00:41:47 INFO  [main] o.a.coyote.http11.Http11NioProtocol - Starting ProtocolHandler ["http-nio-8002"]
2025-09-03 00:41:47 INFO  [main] o.s.b.w.e.tomcat.TomcatWebServer - Tomcat started on port 8002 (http) with context path '/'
2025-09-03 00:41:47 INFO  [main] c.e.d.VehicleManagementSystemApplication - Started VehicleManagementSystemApplication in 2.103 seconds (process running for 2.25)
2025-09-03 00:42:12 INFO  [http-nio-8002-exec-2] o.a.c.c.C.[Tomcat].[localhost].[/] - Initializing Spring DispatcherServlet 'dispatcherServlet'
2025-09-03 00:42:12 INFO  [http-nio-8002-exec-2] o.s.web.servlet.DispatcherServlet - Initializing Servlet 'dispatcherServlet'
2025-09-03 00:42:12 INFO  [http-nio-8002-exec-2] o.s.web.servlet.DispatcherServlet - Completed initialization in 1 ms
2025-09-03 00:42:12 INFO  [http-nio-8002-exec-2] c.e.d.c.AuthenticationController - Attempting login for user: admin
2025-09-03 00:42:13 INFO  [http-nio-8002-exec-2] c.e.d.c.AuthenticationController - Login successful for user: admin
2025-09-03 00:42:24 INFO  [http-nio-8002-exec-3] c.example.demo.config.LoggingCache - [CACHE MISS] cache='cars' key='SimpleKey []' (userId=USER_dccccbfd-ff54-4f3c-9db0-c1061996c332_1755097285926 username='admin')
2025-09-03 00:42:24 INFO  [http-nio-8002-exec-3] c.example.demo.config.LoggingCache - [CACHE PUT] cache='cars' key='SimpleKey []' (userId=USER_dccccbfd-ff54-4f3c-9db0-c1061996c332_1755097285926 username='admin')
2025-09-03 00:42:31 INFO  [http-nio-8002-exec-4] c.example.demo.config.LoggingCache - [CACHE MISS] cache='car' key='CAR_6f8297d3-a24e-4a4b-bc5a-6557b2cf74fd_1751901165603' (userId=USER_dccccbfd-ff54-4f3c-9db0-c1061996c332_1755097285926 username='admin')
2025-09-03 00:42:31 INFO  [http-nio-8002-exec-4] c.example.demo.config.LoggingCache - [CACHE PUT] cache='car' key='CAR_6f8297d3-a24e-4a4b-bc5a-6557b2cf74fd_1751901165603' (userId=USER_dccccbfd-ff54-4f3c-9db0-c1061996c332_1755097285926 username='admin')
2025-09-03 00:42:36 INFO  [http-nio-8002-exec-6] c.example.demo.config.LoggingCache - [CACHE MISS] cache='users' key='SimpleKey []' (userId=USER_dccccbfd-ff54-4f3c-9db0-c1061996c332_1755097285926 username='admin')
2025-09-03 00:42:36 INFO  [http-nio-8002-exec-6] c.example.demo.service.UserService - Fetching all users from the database.
2025-09-03 00:42:36 INFO  [http-nio-8002-exec-6] c.example.demo.config.LoggingCache - [CACHE PUT] cache='users' key='SimpleKey []' (userId=USER_dccccbfd-ff54-4f3c-9db0-c1061996c332_1755097285926 username='admin')
2025-09-03 00:42:42 INFO  [http-nio-8002-exec-5] c.example.demo.config.LoggingCache - [CACHE MISS] cache='user' key='USER_d15a9e9f-c8c4-486a-97e6-2a90e9c3641a_1756462986691' (userId=USER_dccccbfd-ff54-4f3c-9db0-c1061996c332_1755097285926 username='admin')
2025-09-03 00:42:42 INFO  [http-nio-8002-exec-5] c.example.demo.service.UserService - Fetching user with ID: USER_d15a9e9f-c8c4-486a-97e6-2a90e9c3641a_1756462986691
2025-09-03 00:42:42 INFO  [http-nio-8002-exec-5] c.example.demo.config.LoggingCache - [CACHE PUT] cache='user' key='USER_d15a9e9f-c8c4-486a-97e6-2a90e9c3641a_1756462986691' (userId=USER_dccccbfd-ff54-4f3c-9db0-c1061996c332_1755097285926 username='admin')
2025-09-03 00:45:09 INFO  [SpringApplicationShutdownHook] o.s.b.w.e.tomcat.GracefulShutdown - Commencing graceful shutdown. Waiting for active requests to complete
2025-09-03 00:45:09 INFO  [tomcat-shutdown] o.s.b.w.e.tomcat.GracefulShutdown - Graceful shutdown complete
2025-09-03 00:45:09 INFO  [SpringApplicationShutdownHook] c.example.demo.service.UserService - Application is shutting down. Invalidating all user tokens...
2025-09-03 00:45:09 INFO  [SpringApplicationShutdownHook] c.example.demo.service.UserService - Successfully invalidated tokens for 5 users.
